{"C:\\Users\\LENOVO\\Downloads\\Web-clinica-veterinaria\\backend\\src\\application\\services\\MascotaService.js": {"path":"C:\\Users\\LENOVO\\Downloads\\Web-clinica-veterinaria\\backend\\src\\application\\services\\MascotaService.js","statementMap":{"0":{"start":{"line":1,"column":24},"end":{"line":1,"column":69}},"1":{"start":{"line":2,"column":16},"end":{"line":2,"column":56}},"2":{"start":{"line":6,"column":4},"end":{"line":6,"column":12}},"3":{"start":{"line":7,"column":4},"end":{"line":7,"column":47}},"4":{"start":{"line":8,"column":4},"end":{"line":8,"column":43}},"5":{"start":{"line":9,"column":4},"end":{"line":9,"column":49}},"6":{"start":{"line":13,"column":4},"end":{"line":13,"column":63}},"7":{"start":{"line":17,"column":20},"end":{"line":17,"column":71}},"8":{"start":{"line":18,"column":4},"end":{"line":18,"column":59}},"9":{"start":{"line":18,"column":18},"end":{"line":18,"column":59}},"10":{"start":{"line":19,"column":4},"end":{"line":19,"column":19}},"11":{"start":{"line":23,"column":20},"end":{"line":23,"column":38}},"12":{"start":{"line":24,"column":4},"end":{"line":24,"column":22}},"13":{"start":{"line":26,"column":23},"end":{"line":30,"column":6}},"14":{"start":{"line":32,"column":4},"end":{"line":32,"column":37}},"15":{"start":{"line":33,"column":25},"end":{"line":33,"column":69}},"16":{"start":{"line":35,"column":4},"end":{"line":43,"column":5}},"17":{"start":{"line":36,"column":23},"end":{"line":36,"column":89}},"18":{"start":{"line":37,"column":6},"end":{"line":42,"column":7}},"19":{"start":{"line":38,"column":30},"end":{"line":38,"column":73}},"20":{"start":{"line":39,"column":8},"end":{"line":41,"column":9}},"21":{"start":{"line":40,"column":10},"end":{"line":40,"column":105}},"22":{"start":{"line":45,"column":4},"end":{"line":45,"column":56}},"23":{"start":{"line":49,"column":29},"end":{"line":49,"column":69}},"24":{"start":{"line":50,"column":4},"end":{"line":50,"column":68}},"25":{"start":{"line":50,"column":27},"end":{"line":50,"column":68}},"26":{"start":{"line":52,"column":20},"end":{"line":52,"column":49}},"27":{"start":{"line":55,"column":4},"end":{"line":55,"column":58}},"28":{"start":{"line":55,"column":22},"end":{"line":55,"column":58}},"29":{"start":{"line":56,"column":4},"end":{"line":56,"column":58}},"30":{"start":{"line":56,"column":22},"end":{"line":56,"column":58}},"31":{"start":{"line":57,"column":4},"end":{"line":59,"column":5}},"32":{"start":{"line":58,"column":6},"end":{"line":58,"column":89}},"33":{"start":{"line":62,"column":4},"end":{"line":62,"column":22}},"34":{"start":{"line":64,"column":4},"end":{"line":73,"column":7}},"35":{"start":{"line":77,"column":20},"end":{"line":77,"column":60}},"36":{"start":{"line":78,"column":4},"end":{"line":78,"column":59}},"37":{"start":{"line":78,"column":18},"end":{"line":78,"column":59}},"38":{"start":{"line":79,"column":4},"end":{"line":79,"column":44}},"39":{"start":{"line":80,"column":4},"end":{"line":80,"column":28}},"40":{"start":{"line":84,"column":0},"end":{"line":84,"column":32}}},"fnMap":{"0":{"name":"(anonymous_0)","decl":{"start":{"line":5,"column":2},"end":{"line":5,"column":3}},"loc":{"start":{"line":5,"column":70},"end":{"line":10,"column":3}},"line":5},"1":{"name":"(anonymous_1)","decl":{"start":{"line":12,"column":2},"end":{"line":12,"column":3}},"loc":{"start":{"line":12,"column":23},"end":{"line":14,"column":3}},"line":12},"2":{"name":"(anonymous_2)","decl":{"start":{"line":16,"column":2},"end":{"line":16,"column":3}},"loc":{"start":{"line":16,"column":25},"end":{"line":20,"column":3}},"line":16},"3":{"name":"(anonymous_3)","decl":{"start":{"line":22,"column":2},"end":{"line":22,"column":3}},"loc":{"start":{"line":22,"column":21},"end":{"line":46,"column":3}},"line":22},"4":{"name":"(anonymous_4)","decl":{"start":{"line":48,"column":2},"end":{"line":48,"column":3}},"loc":{"start":{"line":48,"column":30},"end":{"line":74,"column":3}},"line":48},"5":{"name":"(anonymous_5)","decl":{"start":{"line":76,"column":2},"end":{"line":76,"column":3}},"loc":{"start":{"line":76,"column":21},"end":{"line":81,"column":3}},"line":76}},"branchMap":{"0":{"loc":{"start":{"line":18,"column":4},"end":{"line":18,"column":59}},"type":"if","locations":[{"start":{"line":18,"column":4},"end":{"line":18,"column":59}},{"start":{},"end":{}}],"line":18},"1":{"loc":{"start":{"line":35,"column":4},"end":{"line":43,"column":5}},"type":"if","locations":[{"start":{"line":35,"column":4},"end":{"line":43,"column":5}},{"start":{},"end":{}}],"line":35},"2":{"loc":{"start":{"line":35,"column":8},"end":{"line":35,"column":62}},"type":"binary-expr","locations":[{"start":{"line":35,"column":8},"end":{"line":35,"column":35}},{"start":{"line":35,"column":39},"end":{"line":35,"column":62}}],"line":35},"3":{"loc":{"start":{"line":37,"column":6},"end":{"line":42,"column":7}},"type":"if","locations":[{"start":{"line":37,"column":6},"end":{"line":42,"column":7}},{"start":{},"end":{}}],"line":37},"4":{"loc":{"start":{"line":39,"column":8},"end":{"line":41,"column":9}},"type":"if","locations":[{"start":{"line":39,"column":8},"end":{"line":41,"column":9}},{"start":{},"end":{}}],"line":39},"5":{"loc":{"start":{"line":50,"column":4},"end":{"line":50,"column":68}},"type":"if","locations":[{"start":{"line":50,"column":4},"end":{"line":50,"column":68}},{"start":{},"end":{}}],"line":50},"6":{"loc":{"start":{"line":55,"column":4},"end":{"line":55,"column":58}},"type":"if","locations":[{"start":{"line":55,"column":4},"end":{"line":55,"column":58}},{"start":{},"end":{}}],"line":55},"7":{"loc":{"start":{"line":56,"column":4},"end":{"line":56,"column":58}},"type":"if","locations":[{"start":{"line":56,"column":4},"end":{"line":56,"column":58}},{"start":{},"end":{}}],"line":56},"8":{"loc":{"start":{"line":57,"column":4},"end":{"line":59,"column":5}},"type":"if","locations":[{"start":{"line":57,"column":4},"end":{"line":59,"column":5}},{"start":{},"end":{}}],"line":57},"9":{"loc":{"start":{"line":58,"column":59},"end":{"line":58,"column":87}},"type":"binary-expr","locations":[{"start":{"line":58,"column":59},"end":{"line":58,"column":82}},{"start":{"line":58,"column":86},"end":{"line":58,"column":87}}],"line":58},"10":{"loc":{"start":{"line":78,"column":4},"end":{"line":78,"column":59}},"type":"if","locations":[{"start":{"line":78,"column":4},"end":{"line":78,"column":59}},{"start":{},"end":{}}],"line":78}},"s":{"0":2,"1":2,"2":13,"3":13,"4":13,"5":13,"6":2,"7":2,"8":2,"9":1,"10":1,"11":5,"12":5,"13":3,"14":3,"15":3,"16":3,"17":2,"18":2,"19":2,"20":2,"21":2,"22":3,"23":2,"24":2,"25":1,"26":1,"27":1,"28":1,"29":1,"30":1,"31":1,"32":0,"33":1,"34":1,"35":2,"36":2,"37":1,"38":1,"39":1,"40":2},"f":{"0":13,"1":2,"2":2,"3":5,"4":2,"5":2},"b":{"0":[1,1],"1":[2,1],"2":[3,2],"3":[2,0],"4":[2,0],"5":[1,1],"6":[1,0],"7":[1,0],"8":[0,1],"9":[0,0],"10":[1,1]},"_coverageSchema":"1a1c01bbd47fc00a2c39e90264f33305004495a9","hash":"7b7cd1ce54890c98bae2c01e2cae921179937610"}
,"C:\\Users\\LENOVO\\Downloads\\Web-clinica-veterinaria\\backend\\src\\application\\services\\ProductoService.js": {"path":"C:\\Users\\LENOVO\\Downloads\\Web-clinica-veterinaria\\backend\\src\\application\\services\\ProductoService.js","statementMap":{"0":{"start":{"line":1,"column":25},"end":{"line":1,"column":71}},"1":{"start":{"line":2,"column":17},"end":{"line":2,"column":58}},"2":{"start":{"line":6,"column":4},"end":{"line":6,"column":12}},"3":{"start":{"line":7,"column":4},"end":{"line":7,"column":49}},"4":{"start":{"line":11,"column":4},"end":{"line":11,"column":50}},"5":{"start":{"line":15,"column":21},"end":{"line":15,"column":62}},"6":{"start":{"line":16,"column":4},"end":{"line":16,"column":61}},"7":{"start":{"line":16,"column":19},"end":{"line":16,"column":61}},"8":{"start":{"line":17,"column":4},"end":{"line":17,"column":20}},"9":{"start":{"line":21,"column":21},"end":{"line":21,"column":40}},"10":{"start":{"line":22,"column":4},"end":{"line":22,"column":23}},"11":{"start":{"line":23,"column":4},"end":{"line":23,"column":55}},"12":{"start":{"line":27,"column":30},"end":{"line":27,"column":71}},"13":{"start":{"line":28,"column":4},"end":{"line":28,"column":70}},"14":{"start":{"line":28,"column":28},"end":{"line":28,"column":70}},"15":{"start":{"line":30,"column":21},"end":{"line":30,"column":52}},"16":{"start":{"line":33,"column":4},"end":{"line":33,"column":59}},"17":{"start":{"line":33,"column":22},"end":{"line":33,"column":59}},"18":{"start":{"line":34,"column":4},"end":{"line":34,"column":73}},"19":{"start":{"line":34,"column":36},"end":{"line":34,"column":73}},"20":{"start":{"line":35,"column":4},"end":{"line":35,"column":97}},"21":{"start":{"line":35,"column":38},"end":{"line":35,"column":97}},"22":{"start":{"line":37,"column":4},"end":{"line":37,"column":23}},"23":{"start":{"line":39,"column":4},"end":{"line":43,"column":7}},"24":{"start":{"line":47,"column":4},"end":{"line":47,"column":52}},"25":{"start":{"line":51,"column":0},"end":{"line":51,"column":33}}},"fnMap":{"0":{"name":"(anonymous_0)","decl":{"start":{"line":5,"column":2},"end":{"line":5,"column":3}},"loc":{"start":{"line":5,"column":34},"end":{"line":8,"column":3}},"line":5},"1":{"name":"(anonymous_1)","decl":{"start":{"line":10,"column":2},"end":{"line":10,"column":3}},"loc":{"start":{"line":10,"column":23},"end":{"line":12,"column":3}},"line":10},"2":{"name":"(anonymous_2)","decl":{"start":{"line":14,"column":2},"end":{"line":14,"column":3}},"loc":{"start":{"line":14,"column":25},"end":{"line":18,"column":3}},"line":14},"3":{"name":"(anonymous_3)","decl":{"start":{"line":20,"column":2},"end":{"line":20,"column":3}},"loc":{"start":{"line":20,"column":21},"end":{"line":24,"column":3}},"line":20},"4":{"name":"(anonymous_4)","decl":{"start":{"line":26,"column":2},"end":{"line":26,"column":3}},"loc":{"start":{"line":26,"column":30},"end":{"line":44,"column":3}},"line":26},"5":{"name":"(anonymous_5)","decl":{"start":{"line":46,"column":2},"end":{"line":46,"column":3}},"loc":{"start":{"line":46,"column":21},"end":{"line":48,"column":3}},"line":46}},"branchMap":{"0":{"loc":{"start":{"line":16,"column":4},"end":{"line":16,"column":61}},"type":"if","locations":[{"start":{"line":16,"column":4},"end":{"line":16,"column":61}},{"start":{},"end":{}}],"line":16},"1":{"loc":{"start":{"line":28,"column":4},"end":{"line":28,"column":70}},"type":"if","locations":[{"start":{"line":28,"column":4},"end":{"line":28,"column":70}},{"start":{},"end":{}}],"line":28},"2":{"loc":{"start":{"line":33,"column":4},"end":{"line":33,"column":59}},"type":"if","locations":[{"start":{"line":33,"column":4},"end":{"line":33,"column":59}},{"start":{},"end":{}}],"line":33},"3":{"loc":{"start":{"line":34,"column":4},"end":{"line":34,"column":73}},"type":"if","locations":[{"start":{"line":34,"column":4},"end":{"line":34,"column":73}},{"start":{},"end":{}}],"line":34},"4":{"loc":{"start":{"line":35,"column":4},"end":{"line":35,"column":97}},"type":"if","locations":[{"start":{"line":35,"column":4},"end":{"line":35,"column":97}},{"start":{},"end":{}}],"line":35}},"s":{"0":0,"1":0,"2":0,"3":0,"4":0,"5":0,"6":0,"7":0,"8":0,"9":0,"10":0,"11":0,"12":0,"13":0,"14":0,"15":0,"16":0,"17":0,"18":0,"19":0,"20":0,"21":0,"22":0,"23":0,"24":0,"25":0},"f":{"0":0,"1":0,"2":0,"3":0,"4":0,"5":0},"b":{"0":[0,0],"1":[0,0],"2":[0,0],"3":[0,0],"4":[0,0]}}
,"C:\\Users\\LENOVO\\Downloads\\Web-clinica-veterinaria\\backend\\src\\application\\services\\ReservacionService.js": {"path":"C:\\Users\\LENOVO\\Downloads\\Web-clinica-veterinaria\\backend\\src\\application\\services\\ReservacionService.js","statementMap":{"0":{"start":{"line":1,"column":28},"end":{"line":1,"column":77}},"1":{"start":{"line":2,"column":20},"end":{"line":2,"column":64}},"2":{"start":{"line":6,"column":4},"end":{"line":6,"column":12}},"3":{"start":{"line":7,"column":4},"end":{"line":7,"column":55}},"4":{"start":{"line":8,"column":4},"end":{"line":8,"column":49}},"5":{"start":{"line":12,"column":4},"end":{"line":12,"column":65}},"6":{"start":{"line":16,"column":24},"end":{"line":16,"column":46}},"7":{"start":{"line":17,"column":4},"end":{"line":17,"column":26}},"8":{"start":{"line":19,"column":29},"end":{"line":19,"column":81}},"9":{"start":{"line":21,"column":4},"end":{"line":29,"column":5}},"10":{"start":{"line":22,"column":23},"end":{"line":22,"column":89}},"11":{"start":{"line":23,"column":6},"end":{"line":28,"column":7}},"12":{"start":{"line":24,"column":30},"end":{"line":24,"column":73}},"13":{"start":{"line":25,"column":8},"end":{"line":27,"column":9}},"14":{"start":{"line":26,"column":10},"end":{"line":26,"column":105}},"15":{"start":{"line":31,"column":4},"end":{"line":31,"column":28}},"16":{"start":{"line":35,"column":33},"end":{"line":35,"column":77}},"17":{"start":{"line":36,"column":4},"end":{"line":36,"column":76}},"18":{"start":{"line":36,"column":31},"end":{"line":36,"column":76}},"19":{"start":{"line":38,"column":24},"end":{"line":38,"column":61}},"20":{"start":{"line":39,"column":4},"end":{"line":39,"column":38}},"21":{"start":{"line":41,"column":4},"end":{"line":45,"column":5}},"22":{"start":{"line":42,"column":6},"end":{"line":42,"column":30}},"23":{"start":{"line":43,"column":11},"end":{"line":45,"column":5}},"24":{"start":{"line":44,"column":6},"end":{"line":44,"column":29}},"25":{"start":{"line":47,"column":4},"end":{"line":47,"column":87}},"26":{"start":{"line":51,"column":33},"end":{"line":51,"column":77}},"27":{"start":{"line":52,"column":4},"end":{"line":52,"column":76}},"28":{"start":{"line":52,"column":31},"end":{"line":52,"column":76}},"29":{"start":{"line":54,"column":24},"end":{"line":54,"column":61}},"30":{"start":{"line":57,"column":4},"end":{"line":57,"column":80}},"31":{"start":{"line":57,"column":31},"end":{"line":57,"column":80}},"32":{"start":{"line":58,"column":4},"end":{"line":60,"column":5}},"33":{"start":{"line":59,"column":6},"end":{"line":59,"column":77}},"34":{"start":{"line":61,"column":4},"end":{"line":63,"column":5}},"35":{"start":{"line":62,"column":6},"end":{"line":62,"column":93}},"36":{"start":{"line":65,"column":4},"end":{"line":65,"column":26}},"37":{"start":{"line":67,"column":4},"end":{"line":80,"column":7}},"38":{"start":{"line":84,"column":24},"end":{"line":84,"column":68}},"39":{"start":{"line":85,"column":4},"end":{"line":85,"column":67}},"40":{"start":{"line":85,"column":22},"end":{"line":85,"column":67}},"41":{"start":{"line":86,"column":4},"end":{"line":86,"column":48}},"42":{"start":{"line":90,"column":0},"end":{"line":90,"column":36}}},"fnMap":{"0":{"name":"(anonymous_0)","decl":{"start":{"line":5,"column":2},"end":{"line":5,"column":3}},"loc":{"start":{"line":5,"column":57},"end":{"line":9,"column":3}},"line":5},"1":{"name":"(anonymous_1)","decl":{"start":{"line":11,"column":2},"end":{"line":11,"column":3}},"loc":{"start":{"line":11,"column":23},"end":{"line":13,"column":3}},"line":11},"2":{"name":"(anonymous_2)","decl":{"start":{"line":15,"column":2},"end":{"line":15,"column":3}},"loc":{"start":{"line":15,"column":21},"end":{"line":32,"column":3}},"line":15},"3":{"name":"(anonymous_3)","decl":{"start":{"line":34,"column":2},"end":{"line":34,"column":3}},"loc":{"start":{"line":34,"column":37},"end":{"line":48,"column":3}},"line":34},"4":{"name":"(anonymous_4)","decl":{"start":{"line":50,"column":2},"end":{"line":50,"column":3}},"loc":{"start":{"line":50,"column":30},"end":{"line":81,"column":3}},"line":50},"5":{"name":"(anonymous_5)","decl":{"start":{"line":83,"column":2},"end":{"line":83,"column":3}},"loc":{"start":{"line":83,"column":21},"end":{"line":87,"column":3}},"line":83}},"branchMap":{"0":{"loc":{"start":{"line":21,"column":4},"end":{"line":29,"column":5}},"type":"if","locations":[{"start":{"line":21,"column":4},"end":{"line":29,"column":5}},{"start":{},"end":{}}],"line":21},"1":{"loc":{"start":{"line":21,"column":8},"end":{"line":21,"column":62}},"type":"binary-expr","locations":[{"start":{"line":21,"column":8},"end":{"line":21,"column":35}},{"start":{"line":21,"column":39},"end":{"line":21,"column":62}}],"line":21},"2":{"loc":{"start":{"line":23,"column":6},"end":{"line":28,"column":7}},"type":"if","locations":[{"start":{"line":23,"column":6},"end":{"line":28,"column":7}},{"start":{},"end":{}}],"line":23},"3":{"loc":{"start":{"line":25,"column":8},"end":{"line":27,"column":9}},"type":"if","locations":[{"start":{"line":25,"column":8},"end":{"line":27,"column":9}},{"start":{},"end":{}}],"line":25},"4":{"loc":{"start":{"line":36,"column":4},"end":{"line":36,"column":76}},"type":"if","locations":[{"start":{"line":36,"column":4},"end":{"line":36,"column":76}},{"start":{},"end":{}}],"line":36},"5":{"loc":{"start":{"line":41,"column":4},"end":{"line":45,"column":5}},"type":"if","locations":[{"start":{"line":41,"column":4},"end":{"line":45,"column":5}},{"start":{"line":43,"column":11},"end":{"line":45,"column":5}}],"line":41},"6":{"loc":{"start":{"line":43,"column":11},"end":{"line":45,"column":5}},"type":"if","locations":[{"start":{"line":43,"column":11},"end":{"line":45,"column":5}},{"start":{},"end":{}}],"line":43},"7":{"loc":{"start":{"line":52,"column":4},"end":{"line":52,"column":76}},"type":"if","locations":[{"start":{"line":52,"column":4},"end":{"line":52,"column":76}},{"start":{},"end":{}}],"line":52},"8":{"loc":{"start":{"line":57,"column":4},"end":{"line":57,"column":80}},"type":"if","locations":[{"start":{"line":57,"column":4},"end":{"line":57,"column":80}},{"start":{},"end":{}}],"line":57},"9":{"loc":{"start":{"line":58,"column":4},"end":{"line":60,"column":5}},"type":"if","locations":[{"start":{"line":58,"column":4},"end":{"line":60,"column":5}},{"start":{},"end":{}}],"line":58},"10":{"loc":{"start":{"line":58,"column":8},"end":{"line":58,"column":55}},"type":"binary-expr","locations":[{"start":{"line":58,"column":8},"end":{"line":58,"column":30}},{"start":{"line":58,"column":34},"end":{"line":58,"column":55}}],"line":58},"11":{"loc":{"start":{"line":61,"column":4},"end":{"line":63,"column":5}},"type":"if","locations":[{"start":{"line":61,"column":4},"end":{"line":63,"column":5}},{"start":{},"end":{}}],"line":61},"12":{"loc":{"start":{"line":62,"column":63},"end":{"line":62,"column":91}},"type":"binary-expr","locations":[{"start":{"line":62,"column":63},"end":{"line":62,"column":86}},{"start":{"line":62,"column":90},"end":{"line":62,"column":91}}],"line":62},"13":{"loc":{"start":{"line":85,"column":4},"end":{"line":85,"column":67}},"type":"if","locations":[{"start":{"line":85,"column":4},"end":{"line":85,"column":67}},{"start":{},"end":{}}],"line":85}},"s":{"0":0,"1":0,"2":0,"3":0,"4":0,"5":0,"6":0,"7":0,"8":0,"9":0,"10":0,"11":0,"12":0,"13":0,"14":0,"15":0,"16":0,"17":0,"18":0,"19":0,"20":0,"21":0,"22":0,"23":0,"24":0,"25":0,"26":0,"27":0,"28":0,"29":0,"30":0,"31":0,"32":0,"33":0,"34":0,"35":0,"36":0,"37":0,"38":0,"39":0,"40":0,"41":0,"42":0},"f":{"0":0,"1":0,"2":0,"3":0,"4":0,"5":0},"b":{"0":[0,0],"1":[0,0],"2":[0,0],"3":[0,0],"4":[0,0],"5":[0,0],"6":[0,0],"7":[0,0],"8":[0,0],"9":[0,0],"10":[0,0],"11":[0,0],"12":[0,0],"13":[0,0]}}
,"C:\\Users\\LENOVO\\Downloads\\Web-clinica-veterinaria\\backend\\src\\application\\services\\UsuarioService.js": {"path":"C:\\Users\\LENOVO\\Downloads\\Web-clinica-veterinaria\\backend\\src\\application\\services\\UsuarioService.js","statementMap":{"0":{"start":{"line":1,"column":24},"end":{"line":1,"column":69}},"1":{"start":{"line":2,"column":16},"end":{"line":2,"column":56}},"2":{"start":{"line":3,"column":15},"end":{"line":3,"column":34}},"3":{"start":{"line":4,"column":12},"end":{"line":4,"column":35}},"4":{"start":{"line":5,"column":23},"end":{"line":5,"column":55}},"5":{"start":{"line":9,"column":4},"end":{"line":9,"column":12}},"6":{"start":{"line":10,"column":4},"end":{"line":10,"column":47}},"7":{"start":{"line":14,"column":20},"end":{"line":14,"column":115}},"8":{"start":{"line":15,"column":4},"end":{"line":15,"column":22}},"9":{"start":{"line":18,"column":23},"end":{"line":18,"column":25}},"10":{"start":{"line":19,"column":4},"end":{"line":19,"column":71}},"11":{"start":{"line":21,"column":4},"end":{"line":21,"column":55}},"12":{"start":{"line":25,"column":4},"end":{"line":25,"column":57}},"13":{"start":{"line":29,"column":4},"end":{"line":29,"column":63}},"14":{"start":{"line":33,"column":4},"end":{"line":33,"column":55}},"15":{"start":{"line":37,"column":20},"end":{"line":37,"column":113}},"16":{"start":{"line":38,"column":4},"end":{"line":38,"column":22}},"17":{"start":{"line":39,"column":4},"end":{"line":39,"column":64}},"18":{"start":{"line":43,"column":4},"end":{"line":43,"column":53}},"19":{"start":{"line":47,"column":20},"end":{"line":47,"column":71}},"20":{"start":{"line":48,"column":4},"end":{"line":50,"column":5}},"21":{"start":{"line":49,"column":6},"end":{"line":49,"column":47}},"22":{"start":{"line":52,"column":28},"end":{"line":52,"column":76}},"23":{"start":{"line":53,"column":4},"end":{"line":55,"column":5}},"24":{"start":{"line":54,"column":6},"end":{"line":54,"column":47}},"25":{"start":{"line":57,"column":18},"end":{"line":57,"column":119}},"26":{"start":{"line":58,"column":4},"end":{"line":58,"column":114}},"27":{"start":{"line":62,"column":0},"end":{"line":62,"column":32}}},"fnMap":{"0":{"name":"(anonymous_0)","decl":{"start":{"line":8,"column":2},"end":{"line":8,"column":3}},"loc":{"start":{"line":8,"column":33},"end":{"line":11,"column":3}},"line":8},"1":{"name":"(anonymous_1)","decl":{"start":{"line":13,"column":2},"end":{"line":13,"column":3}},"loc":{"start":{"line":13,"column":34},"end":{"line":22,"column":3}},"line":13},"2":{"name":"(anonymous_2)","decl":{"start":{"line":24,"column":2},"end":{"line":24,"column":3}},"loc":{"start":{"line":24,"column":32},"end":{"line":26,"column":3}},"line":24},"3":{"name":"(anonymous_3)","decl":{"start":{"line":28,"column":2},"end":{"line":28,"column":3}},"loc":{"start":{"line":28,"column":38},"end":{"line":30,"column":3}},"line":28},"4":{"name":"(anonymous_4)","decl":{"start":{"line":32,"column":2},"end":{"line":32,"column":3}},"loc":{"start":{"line":32,"column":34},"end":{"line":34,"column":3}},"line":32},"5":{"name":"(anonymous_5)","decl":{"start":{"line":36,"column":2},"end":{"line":36,"column":3}},"loc":{"start":{"line":36,"column":43},"end":{"line":40,"column":3}},"line":36},"6":{"name":"(anonymous_6)","decl":{"start":{"line":42,"column":2},"end":{"line":42,"column":3}},"loc":{"start":{"line":42,"column":28},"end":{"line":44,"column":3}},"line":42},"7":{"name":"(anonymous_7)","decl":{"start":{"line":46,"column":2},"end":{"line":46,"column":3}},"loc":{"start":{"line":46,"column":31},"end":{"line":59,"column":3}},"line":46}},"branchMap":{"0":{"loc":{"start":{"line":48,"column":4},"end":{"line":50,"column":5}},"type":"if","locations":[{"start":{"line":48,"column":4},"end":{"line":50,"column":5}},{"start":{},"end":{}}],"line":48},"1":{"loc":{"start":{"line":53,"column":4},"end":{"line":55,"column":5}},"type":"if","locations":[{"start":{"line":53,"column":4},"end":{"line":55,"column":5}},{"start":{},"end":{}}],"line":53}},"s":{"0":1,"1":1,"2":1,"3":1,"4":1,"5":9,"6":9,"7":2,"8":2,"9":1,"10":1,"11":1,"12":1,"13":0,"14":1,"15":1,"16":1,"17":1,"18":1,"19":3,"20":3,"21":1,"22":2,"23":2,"24":1,"25":1,"26":1,"27":1},"f":{"0":9,"1":2,"2":1,"3":0,"4":1,"5":1,"6":1,"7":3},"b":{"0":[1,2],"1":[1,1]},"_coverageSchema":"1a1c01bbd47fc00a2c39e90264f33305004495a9","hash":"6b0eb62b0ad6bb6ae5d394bbea0aeb99374ad43b"}
,"C:\\Users\\LENOVO\\Downloads\\Web-clinica-veterinaria\\backend\\src\\application\\services\\VeterinarioService.js": {"path":"C:\\Users\\LENOVO\\Downloads\\Web-clinica-veterinaria\\backend\\src\\application\\services\\VeterinarioService.js","statementMap":{"0":{"start":{"line":1,"column":28},"end":{"line":1,"column":77}},"1":{"start":{"line":2,"column":20},"end":{"line":2,"column":64}},"2":{"start":{"line":6,"column":4},"end":{"line":6,"column":12}},"3":{"start":{"line":7,"column":4},"end":{"line":7,"column":55}},"4":{"start":{"line":11,"column":24},"end":{"line":11,"column":174}},"5":{"start":{"line":12,"column":4},"end":{"line":12,"column":26}},"6":{"start":{"line":13,"column":4},"end":{"line":13,"column":63}},"7":{"start":{"line":17,"column":4},"end":{"line":17,"column":61}},"8":{"start":{"line":21,"column":4},"end":{"line":21,"column":81}},"9":{"start":{"line":25,"column":4},"end":{"line":25,"column":59}},"10":{"start":{"line":29,"column":33},"end":{"line":29,"column":82}},"11":{"start":{"line":30,"column":4},"end":{"line":30,"column":76}},"12":{"start":{"line":30,"column":31},"end":{"line":30,"column":76}},"13":{"start":{"line":32,"column":24},"end":{"line":32,"column":218}},"14":{"start":{"line":34,"column":4},"end":{"line":34,"column":82}},"15":{"start":{"line":34,"column":32},"end":{"line":34,"column":82}},"16":{"start":{"line":35,"column":4},"end":{"line":35,"column":100}},"17":{"start":{"line":35,"column":38},"end":{"line":35,"column":100}},"18":{"start":{"line":36,"column":4},"end":{"line":36,"column":88}},"19":{"start":{"line":36,"column":34},"end":{"line":36,"column":88}},"20":{"start":{"line":37,"column":4},"end":{"line":37,"column":79}},"21":{"start":{"line":37,"column":31},"end":{"line":37,"column":79}},"22":{"start":{"line":39,"column":4},"end":{"line":39,"column":26}},"23":{"start":{"line":41,"column":4},"end":{"line":47,"column":7}},"24":{"start":{"line":51,"column":4},"end":{"line":51,"column":57}},"25":{"start":{"line":55,"column":0},"end":{"line":55,"column":36}}},"fnMap":{"0":{"name":"(anonymous_0)","decl":{"start":{"line":5,"column":2},"end":{"line":5,"column":3}},"loc":{"start":{"line":5,"column":37},"end":{"line":8,"column":3}},"line":5},"1":{"name":"(anonymous_1)","decl":{"start":{"line":10,"column":2},"end":{"line":10,"column":3}},"loc":{"start":{"line":10,"column":42},"end":{"line":14,"column":3}},"line":10},"2":{"name":"(anonymous_2)","decl":{"start":{"line":16,"column":2},"end":{"line":16,"column":3}},"loc":{"start":{"line":16,"column":36},"end":{"line":18,"column":3}},"line":16},"3":{"name":"(anonymous_3)","decl":{"start":{"line":20,"column":2},"end":{"line":20,"column":3}},"loc":{"start":{"line":20,"column":57},"end":{"line":22,"column":3}},"line":20},"4":{"name":"(anonymous_4)","decl":{"start":{"line":24,"column":2},"end":{"line":24,"column":3}},"loc":{"start":{"line":24,"column":38},"end":{"line":26,"column":3}},"line":24},"5":{"name":"(anonymous_5)","decl":{"start":{"line":28,"column":2},"end":{"line":28,"column":3}},"loc":{"start":{"line":28,"column":51},"end":{"line":48,"column":3}},"line":28},"6":{"name":"(anonymous_6)","decl":{"start":{"line":50,"column":2},"end":{"line":50,"column":3}},"loc":{"start":{"line":50,"column":32},"end":{"line":52,"column":3}},"line":50}},"branchMap":{"0":{"loc":{"start":{"line":30,"column":4},"end":{"line":30,"column":76}},"type":"if","locations":[{"start":{"line":30,"column":4},"end":{"line":30,"column":76}},{"start":{},"end":{}}],"line":30},"1":{"loc":{"start":{"line":34,"column":4},"end":{"line":34,"column":82}},"type":"if","locations":[{"start":{"line":34,"column":4},"end":{"line":34,"column":82}},{"start":{},"end":{}}],"line":34},"2":{"loc":{"start":{"line":35,"column":4},"end":{"line":35,"column":100}},"type":"if","locations":[{"start":{"line":35,"column":4},"end":{"line":35,"column":100}},{"start":{},"end":{}}],"line":35},"3":{"loc":{"start":{"line":36,"column":4},"end":{"line":36,"column":88}},"type":"if","locations":[{"start":{"line":36,"column":4},"end":{"line":36,"column":88}},{"start":{},"end":{}}],"line":36},"4":{"loc":{"start":{"line":37,"column":4},"end":{"line":37,"column":79}},"type":"if","locations":[{"start":{"line":37,"column":4},"end":{"line":37,"column":79}},{"start":{},"end":{}}],"line":37}},"s":{"0":0,"1":0,"2":0,"3":0,"4":0,"5":0,"6":0,"7":0,"8":0,"9":0,"10":0,"11":0,"12":0,"13":0,"14":0,"15":0,"16":0,"17":0,"18":0,"19":0,"20":0,"21":0,"22":0,"23":0,"24":0,"25":0},"f":{"0":0,"1":0,"2":0,"3":0,"4":0,"5":0,"6":0},"b":{"0":[0,0],"1":[0,0],"2":[0,0],"3":[0,0],"4":[0,0]}}
,"C:\\Users\\LENOVO\\Downloads\\Web-clinica-veterinaria\\backend\\src\\domain\\entities\\Mascota.js": {"path":"C:\\Users\\LENOVO\\Downloads\\Web-clinica-veterinaria\\backend\\src\\domain\\entities\\Mascota.js","statementMap":{"0":{"start":{"line":3,"column":4},"end":{"line":3,"column":17}},"1":{"start":{"line":4,"column":4},"end":{"line":4,"column":25}},"2":{"start":{"line":5,"column":4},"end":{"line":5,"column":58}},"3":{"start":{"line":6,"column":4},"end":{"line":6,"column":21}},"4":{"start":{"line":7,"column":4},"end":{"line":7,"column":21}},"5":{"start":{"line":8,"column":4},"end":{"line":8,"column":25}},"6":{"start":{"line":9,"column":4},"end":{"line":9,"column":29}},"7":{"start":{"line":10,"column":4},"end":{"line":10,"column":55}},"8":{"start":{"line":11,"column":4},"end":{"line":11,"column":47}},"9":{"start":{"line":15,"column":4},"end":{"line":17,"column":5}},"10":{"start":{"line":16,"column":6},"end":{"line":16,"column":79}},"11":{"start":{"line":18,"column":4},"end":{"line":20,"column":5}},"12":{"start":{"line":19,"column":6},"end":{"line":19,"column":55}},"13":{"start":{"line":24,"column":4},"end":{"line":26,"column":5}},"14":{"start":{"line":25,"column":6},"end":{"line":25,"column":56}},"15":{"start":{"line":27,"column":4},"end":{"line":27,"column":37}},"16":{"start":{"line":31,"column":4},"end":{"line":31,"column":30}},"17":{"start":{"line":35,"column":4},"end":{"line":35,"column":44}},"18":{"start":{"line":36,"column":4},"end":{"line":36,"column":38}},"19":{"start":{"line":41,"column":4},"end":{"line":41,"column":25}},"20":{"start":{"line":45,"column":4},"end":{"line":51,"column":6}},"21":{"start":{"line":55,"column":0},"end":{"line":55,"column":25}}},"fnMap":{"0":{"name":"(anonymous_0)","decl":{"start":{"line":2,"column":2},"end":{"line":2,"column":3}},"loc":{"start":{"line":2,"column":111},"end":{"line":12,"column":3}},"line":2},"1":{"name":"(anonymous_1)","decl":{"start":{"line":14,"column":2},"end":{"line":14,"column":3}},"loc":{"start":{"line":14,"column":12},"end":{"line":21,"column":3}},"line":14},"2":{"name":"(anonymous_2)","decl":{"start":{"line":23,"column":2},"end":{"line":23,"column":3}},"loc":{"start":{"line":23,"column":29},"end":{"line":28,"column":3}},"line":23},"3":{"name":"(anonymous_3)","decl":{"start":{"line":30,"column":2},"end":{"line":30,"column":3}},"loc":{"start":{"line":30,"column":29},"end":{"line":32,"column":3}},"line":30},"4":{"name":"(anonymous_4)","decl":{"start":{"line":34,"column":2},"end":{"line":34,"column":3}},"loc":{"start":{"line":34,"column":40},"end":{"line":37,"column":3}},"line":34},"5":{"name":"(anonymous_5)","decl":{"start":{"line":39,"column":2},"end":{"line":39,"column":3}},"loc":{"start":{"line":39,"column":13},"end":{"line":42,"column":3}},"line":39},"6":{"name":"(anonymous_6)","decl":{"start":{"line":44,"column":2},"end":{"line":44,"column":3}},"loc":{"start":{"line":44,"column":29},"end":{"line":52,"column":3}},"line":44}},"branchMap":{"0":{"loc":{"start":{"line":5,"column":19},"end":{"line":5,"column":57}},"type":"cond-expr","locations":[{"start":{"line":5,"column":29},"end":{"line":5,"column":50}},{"start":{"line":5,"column":53},"end":{"line":5,"column":57}}],"line":5},"1":{"loc":{"start":{"line":15,"column":4},"end":{"line":17,"column":5}},"type":"if","locations":[{"start":{"line":15,"column":4},"end":{"line":17,"column":5}},{"start":{},"end":{}}],"line":15},"2":{"loc":{"start":{"line":15,"column":8},"end":{"line":15,"column":65}},"type":"binary-expr","locations":[{"start":{"line":15,"column":8},"end":{"line":15,"column":20}},{"start":{"line":15,"column":24},"end":{"line":15,"column":37}},{"start":{"line":15,"column":41},"end":{"line":15,"column":51}},{"start":{"line":15,"column":55},"end":{"line":15,"column":65}}],"line":15},"3":{"loc":{"start":{"line":18,"column":4},"end":{"line":20,"column":5}},"type":"if","locations":[{"start":{"line":18,"column":4},"end":{"line":20,"column":5}},{"start":{},"end":{}}],"line":18},"4":{"loc":{"start":{"line":24,"column":4},"end":{"line":26,"column":5}},"type":"if","locations":[{"start":{"line":24,"column":4},"end":{"line":26,"column":5}},{"start":{},"end":{}}],"line":24},"5":{"loc":{"start":{"line":24,"column":8},"end":{"line":24,"column":49}},"type":"binary-expr","locations":[{"start":{"line":24,"column":8},"end":{"line":24,"column":20}},{"start":{"line":24,"column":24},"end":{"line":24,"column":49}}],"line":24}},"s":{"0":20,"1":20,"2":20,"3":20,"4":20,"5":20,"6":20,"7":20,"8":20,"9":10,"10":4,"11":6,"12":1,"13":4,"14":1,"15":3,"16":2,"17":1,"18":1,"19":2,"20":1,"21":3},"f":{"0":20,"1":10,"2":4,"3":2,"4":1,"5":2,"6":1},"b":{"0":[19,1],"1":[4,6],"2":[10,7,6,6],"3":[1,5],"4":[1,3],"5":[4,3]},"_coverageSchema":"1a1c01bbd47fc00a2c39e90264f33305004495a9","hash":"4d27c72dcdc85ff2462b69222b1eec0ec3f8f017"}
,"C:\\Users\\LENOVO\\Downloads\\Web-clinica-veterinaria\\backend\\src\\domain\\entities\\Producto.js": {"path":"C:\\Users\\LENOVO\\Downloads\\Web-clinica-veterinaria\\backend\\src\\domain\\entities\\Producto.js","statementMap":{"0":{"start":{"line":3,"column":4},"end":{"line":3,"column":17}},"1":{"start":{"line":4,"column":4},"end":{"line":4,"column":25}},"2":{"start":{"line":5,"column":4},"end":{"line":5,"column":25}},"3":{"start":{"line":6,"column":4},"end":{"line":6,"column":29}},"4":{"start":{"line":10,"column":4},"end":{"line":12,"column":5}},"5":{"start":{"line":11,"column":6},"end":{"line":11,"column":66}},"6":{"start":{"line":13,"column":4},"end":{"line":15,"column":5}},"7":{"start":{"line":14,"column":6},"end":{"line":14,"column":57}},"8":{"start":{"line":16,"column":4},"end":{"line":18,"column":5}},"9":{"start":{"line":17,"column":6},"end":{"line":17,"column":59}},"10":{"start":{"line":22,"column":4},"end":{"line":24,"column":5}},"11":{"start":{"line":23,"column":6},"end":{"line":23,"column":44}},"12":{"start":{"line":25,"column":4},"end":{"line":25,"column":45}},"13":{"start":{"line":29,"column":4},"end":{"line":31,"column":5}},"14":{"start":{"line":30,"column":6},"end":{"line":30,"column":66}},"15":{"start":{"line":32,"column":4},"end":{"line":32,"column":30}},"16":{"start":{"line":36,"column":4},"end":{"line":38,"column":5}},"17":{"start":{"line":37,"column":6},"end":{"line":37,"column":57}},"18":{"start":{"line":39,"column":4},"end":{"line":39,"column":30}},"19":{"start":{"line":43,"column":4},"end":{"line":45,"column":5}},"20":{"start":{"line":44,"column":6},"end":{"line":44,"column":56}},"21":{"start":{"line":46,"column":4},"end":{"line":46,"column":37}},"22":{"start":{"line":50,"column":4},"end":{"line":50,"column":29}},"23":{"start":{"line":54,"column":4},"end":{"line":54,"column":39}},"24":{"start":{"line":58,"column":0},"end":{"line":58,"column":26}}},"fnMap":{"0":{"name":"(anonymous_0)","decl":{"start":{"line":2,"column":2},"end":{"line":2,"column":3}},"loc":{"start":{"line":2,"column":48},"end":{"line":7,"column":3}},"line":2},"1":{"name":"(anonymous_1)","decl":{"start":{"line":9,"column":2},"end":{"line":9,"column":3}},"loc":{"start":{"line":9,"column":12},"end":{"line":19,"column":3}},"line":9},"2":{"name":"(anonymous_2)","decl":{"start":{"line":21,"column":2},"end":{"line":21,"column":3}},"loc":{"start":{"line":21,"column":25},"end":{"line":26,"column":3}},"line":21},"3":{"name":"(anonymous_3)","decl":{"start":{"line":28,"column":2},"end":{"line":28,"column":3}},"loc":{"start":{"line":28,"column":26},"end":{"line":33,"column":3}},"line":28},"4":{"name":"(anonymous_4)","decl":{"start":{"line":35,"column":2},"end":{"line":35,"column":3}},"loc":{"start":{"line":35,"column":29},"end":{"line":40,"column":3}},"line":35},"5":{"name":"(anonymous_5)","decl":{"start":{"line":42,"column":2},"end":{"line":42,"column":3}},"loc":{"start":{"line":42,"column":29},"end":{"line":47,"column":3}},"line":42},"6":{"name":"(anonymous_6)","decl":{"start":{"line":49,"column":2},"end":{"line":49,"column":3}},"loc":{"start":{"line":49,"column":15},"end":{"line":51,"column":3}},"line":49},"7":{"name":"(anonymous_7)","decl":{"start":{"line":53,"column":2},"end":{"line":53,"column":3}},"loc":{"start":{"line":53,"column":23},"end":{"line":55,"column":3}},"line":53}},"branchMap":{"0":{"loc":{"start":{"line":10,"column":4},"end":{"line":12,"column":5}},"type":"if","locations":[{"start":{"line":10,"column":4},"end":{"line":12,"column":5}},{"start":{},"end":{}}],"line":10},"1":{"loc":{"start":{"line":10,"column":8},"end":{"line":10,"column":36}},"type":"binary-expr","locations":[{"start":{"line":10,"column":8},"end":{"line":10,"column":20}},{"start":{"line":10,"column":24},"end":{"line":10,"column":36}}],"line":10},"2":{"loc":{"start":{"line":13,"column":4},"end":{"line":15,"column":5}},"type":"if","locations":[{"start":{"line":13,"column":4},"end":{"line":15,"column":5}},{"start":{},"end":{}}],"line":13},"3":{"loc":{"start":{"line":16,"column":4},"end":{"line":18,"column":5}},"type":"if","locations":[{"start":{"line":16,"column":4},"end":{"line":18,"column":5}},{"start":{},"end":{}}],"line":16},"4":{"loc":{"start":{"line":22,"column":4},"end":{"line":24,"column":5}},"type":"if","locations":[{"start":{"line":22,"column":4},"end":{"line":24,"column":5}},{"start":{},"end":{}}],"line":22},"5":{"loc":{"start":{"line":29,"column":4},"end":{"line":31,"column":5}},"type":"if","locations":[{"start":{"line":29,"column":4},"end":{"line":31,"column":5}},{"start":{},"end":{}}],"line":29},"6":{"loc":{"start":{"line":36,"column":4},"end":{"line":38,"column":5}},"type":"if","locations":[{"start":{"line":36,"column":4},"end":{"line":38,"column":5}},{"start":{},"end":{}}],"line":36},"7":{"loc":{"start":{"line":43,"column":4},"end":{"line":45,"column":5}},"type":"if","locations":[{"start":{"line":43,"column":4},"end":{"line":45,"column":5}},{"start":{},"end":{}}],"line":43},"8":{"loc":{"start":{"line":43,"column":8},"end":{"line":43,"column":49}},"type":"binary-expr","locations":[{"start":{"line":43,"column":8},"end":{"line":43,"column":20}},{"start":{"line":43,"column":24},"end":{"line":43,"column":49}}],"line":43}},"s":{"0":16,"1":16,"2":16,"3":16,"4":4,"5":1,"6":3,"7":1,"8":2,"9":1,"10":2,"11":1,"12":1,"13":2,"14":1,"15":1,"16":2,"17":1,"18":1,"19":3,"20":1,"21":2,"22":2,"23":0,"24":1},"f":{"0":16,"1":4,"2":2,"3":2,"4":2,"5":3,"6":2,"7":0},"b":{"0":[1,3],"1":[4,3],"2":[1,2],"3":[1,1],"4":[1,1],"5":[1,1],"6":[1,1],"7":[1,2],"8":[3,2]},"_coverageSchema":"1a1c01bbd47fc00a2c39e90264f33305004495a9","hash":"89b0bde2ce58be455a27a30beed105b0cde68caf"}
,"C:\\Users\\LENOVO\\Downloads\\Web-clinica-veterinaria\\backend\\src\\domain\\entities\\Reservacion.js": {"path":"C:\\Users\\LENOVO\\Downloads\\Web-clinica-veterinaria\\backend\\src\\domain\\entities\\Reservacion.js","statementMap":{"0":{"start":{"line":3,"column":4},"end":{"line":3,"column":17}},"1":{"start":{"line":4,"column":4},"end":{"line":4,"column":41}},"2":{"start":{"line":5,"column":4},"end":{"line":5,"column":29}},"3":{"start":{"line":6,"column":4},"end":{"line":6,"column":23}},"4":{"start":{"line":7,"column":4},"end":{"line":7,"column":41}},"5":{"start":{"line":8,"column":4},"end":{"line":8,"column":58}},"6":{"start":{"line":9,"column":4},"end":{"line":9,"column":43}},"7":{"start":{"line":10,"column":4},"end":{"line":10,"column":45}},"8":{"start":{"line":11,"column":4},"end":{"line":11,"column":43}},"9":{"start":{"line":12,"column":4},"end":{"line":12,"column":31}},"10":{"start":{"line":13,"column":4},"end":{"line":13,"column":40}},"11":{"start":{"line":14,"column":4},"end":{"line":14,"column":55}},"12":{"start":{"line":15,"column":4},"end":{"line":15,"column":47}},"13":{"start":{"line":19,"column":4},"end":{"line":23,"column":5}},"14":{"start":{"line":22,"column":6},"end":{"line":22,"column":70}},"15":{"start":{"line":27,"column":27},"end":{"line":27,"column":82}},"16":{"start":{"line":28,"column":4},"end":{"line":30,"column":5}},"17":{"start":{"line":29,"column":6},"end":{"line":29,"column":99}},"18":{"start":{"line":34,"column":4},"end":{"line":34,"column":31}},"19":{"start":{"line":38,"column":4},"end":{"line":38,"column":30}},"20":{"start":{"line":42,"column":4},"end":{"line":44,"column":5}},"21":{"start":{"line":43,"column":6},"end":{"line":43,"column":77}},"22":{"start":{"line":45,"column":4},"end":{"line":45,"column":39}},"23":{"start":{"line":46,"column":4},"end":{"line":46,"column":37}},"24":{"start":{"line":47,"column":4},"end":{"line":47,"column":32}},"25":{"start":{"line":51,"column":4},"end":{"line":51,"column":39}},"26":{"start":{"line":55,"column":4},"end":{"line":55,"column":44}},"27":{"start":{"line":56,"column":4},"end":{"line":56,"column":38}},"28":{"start":{"line":60,"column":4},"end":{"line":60,"column":39}},"29":{"start":{"line":64,"column":4},"end":{"line":64,"column":40}},"30":{"start":{"line":68,"column":4},"end":{"line":76,"column":6}},"31":{"start":{"line":80,"column":0},"end":{"line":80,"column":29}}},"fnMap":{"0":{"name":"(anonymous_0)","decl":{"start":{"line":2,"column":2},"end":{"line":2,"column":3}},"loc":{"start":{"line":2,"column":193},"end":{"line":16,"column":3}},"line":2},"1":{"name":"(anonymous_1)","decl":{"start":{"line":18,"column":2},"end":{"line":18,"column":3}},"loc":{"start":{"line":18,"column":12},"end":{"line":24,"column":3}},"line":18},"2":{"name":"(anonymous_2)","decl":{"start":{"line":26,"column":2},"end":{"line":26,"column":3}},"loc":{"start":{"line":26,"column":24},"end":{"line":31,"column":3}},"line":26},"3":{"name":"(anonymous_3)","decl":{"start":{"line":33,"column":2},"end":{"line":33,"column":3}},"loc":{"start":{"line":33,"column":14},"end":{"line":35,"column":3}},"line":33},"4":{"name":"(anonymous_4)","decl":{"start":{"line":37,"column":2},"end":{"line":37,"column":3}},"loc":{"start":{"line":37,"column":13},"end":{"line":39,"column":3}},"line":37},"5":{"name":"(anonymous_5)","decl":{"start":{"line":41,"column":2},"end":{"line":41,"column":3}},"loc":{"start":{"line":41,"column":37},"end":{"line":48,"column":3}},"line":41},"6":{"name":"(anonymous_6)","decl":{"start":{"line":50,"column":2},"end":{"line":50,"column":3}},"loc":{"start":{"line":50,"column":29},"end":{"line":52,"column":3}},"line":50},"7":{"name":"(anonymous_7)","decl":{"start":{"line":54,"column":2},"end":{"line":54,"column":3}},"loc":{"start":{"line":54,"column":40},"end":{"line":57,"column":3}},"line":54},"8":{"name":"(anonymous_8)","decl":{"start":{"line":59,"column":2},"end":{"line":59,"column":3}},"loc":{"start":{"line":59,"column":16},"end":{"line":61,"column":3}},"line":59},"9":{"name":"(anonymous_9)","decl":{"start":{"line":63,"column":2},"end":{"line":63,"column":3}},"loc":{"start":{"line":63,"column":17},"end":{"line":65,"column":3}},"line":63},"10":{"name":"(anonymous_10)","decl":{"start":{"line":67,"column":2},"end":{"line":67,"column":3}},"loc":{"start":{"line":67,"column":19},"end":{"line":77,"column":3}},"line":67}},"branchMap":{"0":{"loc":{"start":{"line":8,"column":19},"end":{"line":8,"column":57}},"type":"cond-expr","locations":[{"start":{"line":8,"column":29},"end":{"line":8,"column":50}},{"start":{"line":8,"column":53},"end":{"line":8,"column":57}}],"line":8},"1":{"loc":{"start":{"line":13,"column":18},"end":{"line":13,"column":39}},"type":"binary-expr","locations":[{"start":{"line":13,"column":18},"end":{"line":13,"column":24}},{"start":{"line":13,"column":28},"end":{"line":13,"column":39}}],"line":13},"2":{"loc":{"start":{"line":19,"column":4},"end":{"line":23,"column":5}},"type":"if","locations":[{"start":{"line":19,"column":4},"end":{"line":23,"column":5}},{"start":{},"end":{}}],"line":19},"3":{"loc":{"start":{"line":19,"column":8},"end":{"line":21,"column":48}},"type":"binary-expr","locations":[{"start":{"line":19,"column":8},"end":{"line":19,"column":28}},{"start":{"line":19,"column":32},"end":{"line":19,"column":46}},{"start":{"line":19,"column":50},"end":{"line":19,"column":61}},{"start":{"line":19,"column":65},"end":{"line":19,"column":85}},{"start":{"line":20,"column":8},"end":{"line":20,"column":21}},{"start":{"line":20,"column":25},"end":{"line":20,"column":46}},{"start":{"line":20,"column":50},"end":{"line":20,"column":72}},{"start":{"line":21,"column":8},"end":{"line":21,"column":29}},{"start":{"line":21,"column":33},"end":{"line":21,"column":48}}],"line":19},"4":{"loc":{"start":{"line":28,"column":4},"end":{"line":30,"column":5}},"type":"if","locations":[{"start":{"line":28,"column":4},"end":{"line":30,"column":5}},{"start":{},"end":{}}],"line":28},"5":{"loc":{"start":{"line":42,"column":4},"end":{"line":44,"column":5}},"type":"if","locations":[{"start":{"line":42,"column":4},"end":{"line":44,"column":5}},{"start":{},"end":{}}],"line":42},"6":{"loc":{"start":{"line":42,"column":8},"end":{"line":42,"column":33}},"type":"binary-expr","locations":[{"start":{"line":42,"column":8},"end":{"line":42,"column":19}},{"start":{"line":42,"column":23},"end":{"line":42,"column":33}}],"line":42}},"s":{"0":10,"1":10,"2":10,"3":10,"4":10,"5":10,"6":10,"7":10,"8":10,"9":10,"10":10,"11":10,"12":10,"13":2,"14":1,"15":2,"16":2,"17":1,"18":1,"19":1,"20":2,"21":1,"22":1,"23":1,"24":1,"25":0,"26":0,"27":0,"28":0,"29":0,"30":0,"31":1},"f":{"0":10,"1":2,"2":2,"3":1,"4":1,"5":2,"6":0,"7":0,"8":0,"9":0,"10":0},"b":{"0":[10,0],"1":[10,9],"2":[1,1],"3":[2,1,1,1,1,1,1,1,1],"4":[1,1],"5":[1,1],"6":[2,1]},"_coverageSchema":"1a1c01bbd47fc00a2c39e90264f33305004495a9","hash":"a8375687275ff0481c153de628ee39b83bf050ed"}
,"C:\\Users\\LENOVO\\Downloads\\Web-clinica-veterinaria\\backend\\src\\domain\\entities\\Usuario.js": {"path":"C:\\Users\\LENOVO\\Downloads\\Web-clinica-veterinaria\\backend\\src\\domain\\entities\\Usuario.js","statementMap":{"0":{"start":{"line":3,"column":4},"end":{"line":3,"column":17}},"1":{"start":{"line":4,"column":4},"end":{"line":4,"column":25}},"2":{"start":{"line":5,"column":4},"end":{"line":5,"column":23}},"3":{"start":{"line":6,"column":4},"end":{"line":6,"column":29}},"4":{"start":{"line":7,"column":4},"end":{"line":7,"column":19}},"5":{"start":{"line":11,"column":4},"end":{"line":13,"column":5}},"6":{"start":{"line":12,"column":6},"end":{"line":12,"column":65}},"7":{"start":{"line":14,"column":4},"end":{"line":16,"column":5}},"8":{"start":{"line":15,"column":6},"end":{"line":15,"column":40}},"9":{"start":{"line":20,"column":4},"end":{"line":22,"column":5}},"10":{"start":{"line":21,"column":6},"end":{"line":21,"column":56}},"11":{"start":{"line":23,"column":4},"end":{"line":23,"column":37}},"12":{"start":{"line":27,"column":4},"end":{"line":29,"column":5}},"13":{"start":{"line":28,"column":6},"end":{"line":28,"column":40}},"14":{"start":{"line":30,"column":4},"end":{"line":30,"column":49}},"15":{"start":{"line":34,"column":4},"end":{"line":36,"column":5}},"16":{"start":{"line":35,"column":6},"end":{"line":35,"column":72}},"17":{"start":{"line":37,"column":4},"end":{"line":37,"column":34}},"18":{"start":{"line":41,"column":25},"end":{"line":41,"column":60}},"19":{"start":{"line":42,"column":4},"end":{"line":44,"column":5}},"20":{"start":{"line":43,"column":6},"end":{"line":43,"column":38}},"21":{"start":{"line":45,"column":4},"end":{"line":45,"column":24}},"22":{"start":{"line":49,"column":4},"end":{"line":49,"column":32}},"23":{"start":{"line":53,"column":4},"end":{"line":53,"column":38}},"24":{"start":{"line":57,"column":4},"end":{"line":62,"column":6}},"25":{"start":{"line":66,"column":0},"end":{"line":66,"column":25}}},"fnMap":{"0":{"name":"(anonymous_0)","decl":{"start":{"line":2,"column":2},"end":{"line":2,"column":3}},"loc":{"start":{"line":2,"column":60},"end":{"line":8,"column":3}},"line":2},"1":{"name":"(anonymous_1)","decl":{"start":{"line":10,"column":2},"end":{"line":10,"column":3}},"loc":{"start":{"line":10,"column":12},"end":{"line":17,"column":3}},"line":10},"2":{"name":"(anonymous_2)","decl":{"start":{"line":19,"column":2},"end":{"line":19,"column":3}},"loc":{"start":{"line":19,"column":29},"end":{"line":24,"column":3}},"line":19},"3":{"name":"(anonymous_3)","decl":{"start":{"line":26,"column":2},"end":{"line":26,"column":3}},"loc":{"start":{"line":26,"column":27},"end":{"line":31,"column":3}},"line":26},"4":{"name":"(anonymous_4)","decl":{"start":{"line":33,"column":2},"end":{"line":33,"column":3}},"loc":{"start":{"line":33,"column":33},"end":{"line":38,"column":3}},"line":33},"5":{"name":"(anonymous_5)","decl":{"start":{"line":40,"column":2},"end":{"line":40,"column":3}},"loc":{"start":{"line":40,"column":23},"end":{"line":46,"column":3}},"line":40},"6":{"name":"(anonymous_6)","decl":{"start":{"line":48,"column":2},"end":{"line":48,"column":3}},"loc":{"start":{"line":48,"column":12},"end":{"line":50,"column":3}},"line":48},"7":{"name":"(anonymous_7)","decl":{"start":{"line":52,"column":2},"end":{"line":52,"column":3}},"loc":{"start":{"line":52,"column":18},"end":{"line":54,"column":3}},"line":52},"8":{"name":"(anonymous_8)","decl":{"start":{"line":56,"column":2},"end":{"line":56,"column":3}},"loc":{"start":{"line":56,"column":25},"end":{"line":63,"column":3}},"line":56}},"branchMap":{"0":{"loc":{"start":{"line":2,"column":43},"end":{"line":2,"column":58}},"type":"default-arg","locations":[{"start":{"line":2,"column":49},"end":{"line":2,"column":58}}],"line":2},"1":{"loc":{"start":{"line":11,"column":4},"end":{"line":13,"column":5}},"type":"if","locations":[{"start":{"line":11,"column":4},"end":{"line":13,"column":5}},{"start":{},"end":{}}],"line":11},"2":{"loc":{"start":{"line":11,"column":8},"end":{"line":11,"column":53}},"type":"binary-expr","locations":[{"start":{"line":11,"column":8},"end":{"line":11,"column":20}},{"start":{"line":11,"column":24},"end":{"line":11,"column":35}},{"start":{"line":11,"column":39},"end":{"line":11,"column":53}}],"line":11},"3":{"loc":{"start":{"line":14,"column":4},"end":{"line":16,"column":5}},"type":"if","locations":[{"start":{"line":14,"column":4},"end":{"line":16,"column":5}},{"start":{},"end":{}}],"line":14},"4":{"loc":{"start":{"line":20,"column":4},"end":{"line":22,"column":5}},"type":"if","locations":[{"start":{"line":20,"column":4},"end":{"line":22,"column":5}},{"start":{},"end":{}}],"line":20},"5":{"loc":{"start":{"line":20,"column":8},"end":{"line":20,"column":49}},"type":"binary-expr","locations":[{"start":{"line":20,"column":8},"end":{"line":20,"column":20}},{"start":{"line":20,"column":24},"end":{"line":20,"column":49}}],"line":20},"6":{"loc":{"start":{"line":27,"column":4},"end":{"line":29,"column":5}},"type":"if","locations":[{"start":{"line":27,"column":4},"end":{"line":29,"column":5}},{"start":{},"end":{}}],"line":27},"7":{"loc":{"start":{"line":27,"column":8},"end":{"line":27,"column":48}},"type":"binary-expr","locations":[{"start":{"line":27,"column":8},"end":{"line":27,"column":19}},{"start":{"line":27,"column":23},"end":{"line":27,"column":48}}],"line":27},"8":{"loc":{"start":{"line":34,"column":4},"end":{"line":36,"column":5}},"type":"if","locations":[{"start":{"line":34,"column":4},"end":{"line":36,"column":5}},{"start":{},"end":{}}],"line":34},"9":{"loc":{"start":{"line":34,"column":8},"end":{"line":34,"column":50}},"type":"binary-expr","locations":[{"start":{"line":34,"column":8},"end":{"line":34,"column":22}},{"start":{"line":34,"column":26},"end":{"line":34,"column":50}}],"line":34},"10":{"loc":{"start":{"line":42,"column":4},"end":{"line":44,"column":5}},"type":"if","locations":[{"start":{"line":42,"column":4},"end":{"line":44,"column":5}},{"start":{},"end":{}}],"line":42}},"s":{"0":26,"1":26,"2":26,"3":26,"4":26,"5":8,"6":4,"7":4,"8":1,"9":3,"10":1,"11":2,"12":3,"13":1,"14":2,"15":2,"16":1,"17":1,"18":2,"19":2,"20":1,"21":1,"22":2,"23":0,"24":0,"25":2},"f":{"0":26,"1":8,"2":3,"3":3,"4":2,"5":2,"6":2,"7":0,"8":0},"b":{"0":[17],"1":[4,4],"2":[8,6,5],"3":[1,3],"4":[1,2],"5":[3,2],"6":[1,2],"7":[3,3],"8":[1,1],"9":[2,2],"10":[1,1]},"_coverageSchema":"1a1c01bbd47fc00a2c39e90264f33305004495a9","hash":"588522b0ce5b9ae28957d1d2e63eb69094fa354f"}
,"C:\\Users\\LENOVO\\Downloads\\Web-clinica-veterinaria\\backend\\src\\domain\\entities\\Veterinario.js": {"path":"C:\\Users\\LENOVO\\Downloads\\Web-clinica-veterinaria\\backend\\src\\domain\\entities\\Veterinario.js","statementMap":{"0":{"start":{"line":3,"column":4},"end":{"line":3,"column":17}},"1":{"start":{"line":4,"column":4},"end":{"line":4,"column":25}},"2":{"start":{"line":5,"column":4},"end":{"line":5,"column":37}},"3":{"start":{"line":6,"column":4},"end":{"line":6,"column":29}},"4":{"start":{"line":7,"column":4},"end":{"line":7,"column":23}},"5":{"start":{"line":8,"column":4},"end":{"line":8,"column":29}},"6":{"start":{"line":12,"column":4},"end":{"line":14,"column":5}},"7":{"start":{"line":13,"column":6},"end":{"line":13,"column":72}},"8":{"start":{"line":15,"column":4},"end":{"line":17,"column":5}},"9":{"start":{"line":16,"column":6},"end":{"line":16,"column":40}},"10":{"start":{"line":21,"column":4},"end":{"line":23,"column":5}},"11":{"start":{"line":22,"column":6},"end":{"line":22,"column":56}},"12":{"start":{"line":24,"column":4},"end":{"line":24,"column":37}},"13":{"start":{"line":28,"column":4},"end":{"line":28,"column":34}},"14":{"start":{"line":32,"column":4},"end":{"line":34,"column":5}},"15":{"start":{"line":33,"column":6},"end":{"line":33,"column":40}},"16":{"start":{"line":35,"column":4},"end":{"line":35,"column":49}},"17":{"start":{"line":39,"column":4},"end":{"line":46,"column":6}},"18":{"start":{"line":50,"column":0},"end":{"line":50,"column":29}}},"fnMap":{"0":{"name":"(anonymous_0)","decl":{"start":{"line":2,"column":2},"end":{"line":2,"column":3}},"loc":{"start":{"line":2,"column":67},"end":{"line":9,"column":3}},"line":2},"1":{"name":"(anonymous_1)","decl":{"start":{"line":11,"column":2},"end":{"line":11,"column":3}},"loc":{"start":{"line":11,"column":12},"end":{"line":18,"column":3}},"line":11},"2":{"name":"(anonymous_2)","decl":{"start":{"line":20,"column":2},"end":{"line":20,"column":3}},"loc":{"start":{"line":20,"column":29},"end":{"line":25,"column":3}},"line":20},"3":{"name":"(anonymous_3)","decl":{"start":{"line":27,"column":2},"end":{"line":27,"column":3}},"loc":{"start":{"line":27,"column":33},"end":{"line":29,"column":3}},"line":27},"4":{"name":"(anonymous_4)","decl":{"start":{"line":31,"column":2},"end":{"line":31,"column":3}},"loc":{"start":{"line":31,"column":27},"end":{"line":36,"column":3}},"line":31},"5":{"name":"(anonymous_5)","decl":{"start":{"line":38,"column":2},"end":{"line":38,"column":3}},"loc":{"start":{"line":38,"column":34},"end":{"line":47,"column":3}},"line":38}},"branchMap":{"0":{"loc":{"start":{"line":12,"column":4},"end":{"line":14,"column":5}},"type":"if","locations":[{"start":{"line":12,"column":4},"end":{"line":14,"column":5}},{"start":{},"end":{}}],"line":12},"1":{"loc":{"start":{"line":12,"column":8},"end":{"line":12,"column":60}},"type":"binary-expr","locations":[{"start":{"line":12,"column":8},"end":{"line":12,"column":20}},{"start":{"line":12,"column":24},"end":{"line":12,"column":42}},{"start":{"line":12,"column":46},"end":{"line":12,"column":60}}],"line":12},"2":{"loc":{"start":{"line":15,"column":4},"end":{"line":17,"column":5}},"type":"if","locations":[{"start":{"line":15,"column":4},"end":{"line":17,"column":5}},{"start":{},"end":{}}],"line":15},"3":{"loc":{"start":{"line":21,"column":4},"end":{"line":23,"column":5}},"type":"if","locations":[{"start":{"line":21,"column":4},"end":{"line":23,"column":5}},{"start":{},"end":{}}],"line":21},"4":{"loc":{"start":{"line":21,"column":8},"end":{"line":21,"column":49}},"type":"binary-expr","locations":[{"start":{"line":21,"column":8},"end":{"line":21,"column":20}},{"start":{"line":21,"column":24},"end":{"line":21,"column":49}}],"line":21},"5":{"loc":{"start":{"line":32,"column":4},"end":{"line":34,"column":5}},"type":"if","locations":[{"start":{"line":32,"column":4},"end":{"line":34,"column":5}},{"start":{},"end":{}}],"line":32},"6":{"loc":{"start":{"line":32,"column":8},"end":{"line":32,"column":48}},"type":"binary-expr","locations":[{"start":{"line":32,"column":8},"end":{"line":32,"column":19}},{"start":{"line":32,"column":23},"end":{"line":32,"column":48}}],"line":32}},"s":{"0":14,"1":14,"2":14,"3":14,"4":14,"5":14,"6":5,"7":3,"8":2,"9":1,"10":3,"11":1,"12":2,"13":1,"14":3,"15":1,"16":2,"17":1,"18":1},"f":{"0":14,"1":5,"2":3,"3":1,"4":3,"5":1},"b":{"0":[3,2],"1":[5,4,3],"2":[1,1],"3":[1,2],"4":[3,2],"5":[1,2],"6":[3,3]},"_coverageSchema":"1a1c01bbd47fc00a2c39e90264f33305004495a9","hash":"b5b4e97b5e9b77f093a9838af5237ba9f0fd5ded"}
,"C:\\Users\\LENOVO\\Downloads\\Web-clinica-veterinaria\\backend\\src\\domain\\ports\\IMascotaRepository.js": {"path":"C:\\Users\\LENOVO\\Downloads\\Web-clinica-veterinaria\\backend\\src\\domain\\ports\\IMascotaRepository.js","statementMap":{"0":{"start":{"line":2,"column":33},"end":{"line":2,"column":68}},"1":{"start":{"line":3,"column":33},"end":{"line":3,"column":68}},"2":{"start":{"line":4,"column":22},"end":{"line":4,"column":57}},"3":{"start":{"line":5,"column":24},"end":{"line":5,"column":59}},"4":{"start":{"line":6,"column":28},"end":{"line":6,"column":63}},"5":{"start":{"line":7,"column":21},"end":{"line":7,"column":56}},"6":{"start":{"line":10,"column":0},"end":{"line":10,"column":36}}},"fnMap":{"0":{"name":"(anonymous_0)","decl":{"start":{"line":2,"column":2},"end":{"line":2,"column":3}},"loc":{"start":{"line":2,"column":31},"end":{"line":2,"column":70}},"line":2},"1":{"name":"(anonymous_1)","decl":{"start":{"line":3,"column":2},"end":{"line":3,"column":3}},"loc":{"start":{"line":3,"column":31},"end":{"line":3,"column":70}},"line":3},"2":{"name":"(anonymous_2)","decl":{"start":{"line":4,"column":2},"end":{"line":4,"column":3}},"loc":{"start":{"line":4,"column":20},"end":{"line":4,"column":59}},"line":4},"3":{"name":"(anonymous_3)","decl":{"start":{"line":5,"column":2},"end":{"line":5,"column":3}},"loc":{"start":{"line":5,"column":22},"end":{"line":5,"column":61}},"line":5},"4":{"name":"(anonymous_4)","decl":{"start":{"line":6,"column":2},"end":{"line":6,"column":3}},"loc":{"start":{"line":6,"column":26},"end":{"line":6,"column":65}},"line":6},"5":{"name":"(anonymous_5)","decl":{"start":{"line":7,"column":2},"end":{"line":7,"column":3}},"loc":{"start":{"line":7,"column":19},"end":{"line":7,"column":58}},"line":7}},"branchMap":{},"s":{"0":0,"1":0,"2":0,"3":0,"4":0,"5":0,"6":0},"f":{"0":0,"1":0,"2":0,"3":0,"4":0,"5":0},"b":{}}
,"C:\\Users\\LENOVO\\Downloads\\Web-clinica-veterinaria\\backend\\src\\domain\\ports\\IMascotaService.js": {"path":"C:\\Users\\LENOVO\\Downloads\\Web-clinica-veterinaria\\backend\\src\\domain\\ports\\IMascotaService.js","statementMap":{"0":{"start":{"line":2,"column":25},"end":{"line":2,"column":60}},"1":{"start":{"line":3,"column":27},"end":{"line":3,"column":62}},"2":{"start":{"line":4,"column":23},"end":{"line":4,"column":58}},"3":{"start":{"line":5,"column":32},"end":{"line":5,"column":67}},"4":{"start":{"line":6,"column":23},"end":{"line":6,"column":58}},"5":{"start":{"line":9,"column":0},"end":{"line":9,"column":33}}},"fnMap":{"0":{"name":"(anonymous_0)","decl":{"start":{"line":2,"column":2},"end":{"line":2,"column":3}},"loc":{"start":{"line":2,"column":23},"end":{"line":2,"column":62}},"line":2},"1":{"name":"(anonymous_1)","decl":{"start":{"line":3,"column":2},"end":{"line":3,"column":3}},"loc":{"start":{"line":3,"column":25},"end":{"line":3,"column":64}},"line":3},"2":{"name":"(anonymous_2)","decl":{"start":{"line":4,"column":2},"end":{"line":4,"column":3}},"loc":{"start":{"line":4,"column":21},"end":{"line":4,"column":60}},"line":4},"3":{"name":"(anonymous_3)","decl":{"start":{"line":5,"column":2},"end":{"line":5,"column":3}},"loc":{"start":{"line":5,"column":30},"end":{"line":5,"column":69}},"line":5},"4":{"name":"(anonymous_4)","decl":{"start":{"line":6,"column":2},"end":{"line":6,"column":3}},"loc":{"start":{"line":6,"column":21},"end":{"line":6,"column":60}},"line":6}},"branchMap":{},"s":{"0":0,"1":0,"2":0,"3":0,"4":0,"5":2},"f":{"0":0,"1":0,"2":0,"3":0,"4":0},"b":{},"_coverageSchema":"1a1c01bbd47fc00a2c39e90264f33305004495a9","hash":"f7ad0669778edefee2f5c5268d56617d5c9f5246"}
,"C:\\Users\\LENOVO\\Downloads\\Web-clinica-veterinaria\\backend\\src\\domain\\ports\\IProductoRepository.js": {"path":"C:\\Users\\LENOVO\\Downloads\\Web-clinica-veterinaria\\backend\\src\\domain\\ports\\IProductoRepository.js","statementMap":{"0":{"start":{"line":2,"column":19},"end":{"line":2,"column":54}},"1":{"start":{"line":3,"column":22},"end":{"line":3,"column":57}},"2":{"start":{"line":4,"column":24},"end":{"line":4,"column":59}},"3":{"start":{"line":5,"column":28},"end":{"line":5,"column":63}},"4":{"start":{"line":6,"column":21},"end":{"line":6,"column":56}},"5":{"start":{"line":9,"column":0},"end":{"line":9,"column":37}}},"fnMap":{"0":{"name":"(anonymous_0)","decl":{"start":{"line":2,"column":2},"end":{"line":2,"column":3}},"loc":{"start":{"line":2,"column":17},"end":{"line":2,"column":56}},"line":2},"1":{"name":"(anonymous_1)","decl":{"start":{"line":3,"column":2},"end":{"line":3,"column":3}},"loc":{"start":{"line":3,"column":20},"end":{"line":3,"column":59}},"line":3},"2":{"name":"(anonymous_2)","decl":{"start":{"line":4,"column":2},"end":{"line":4,"column":3}},"loc":{"start":{"line":4,"column":22},"end":{"line":4,"column":61}},"line":4},"3":{"name":"(anonymous_3)","decl":{"start":{"line":5,"column":2},"end":{"line":5,"column":3}},"loc":{"start":{"line":5,"column":26},"end":{"line":5,"column":65}},"line":5},"4":{"name":"(anonymous_4)","decl":{"start":{"line":6,"column":2},"end":{"line":6,"column":3}},"loc":{"start":{"line":6,"column":19},"end":{"line":6,"column":58}},"line":6}},"branchMap":{},"s":{"0":0,"1":0,"2":0,"3":0,"4":0,"5":0},"f":{"0":0,"1":0,"2":0,"3":0,"4":0},"b":{}}
,"C:\\Users\\LENOVO\\Downloads\\Web-clinica-veterinaria\\backend\\src\\domain\\ports\\IProductoService.js": {"path":"C:\\Users\\LENOVO\\Downloads\\Web-clinica-veterinaria\\backend\\src\\domain\\ports\\IProductoService.js","statementMap":{"0":{"start":{"line":2,"column":25},"end":{"line":2,"column":60}},"1":{"start":{"line":3,"column":27},"end":{"line":3,"column":62}},"2":{"start":{"line":4,"column":23},"end":{"line":4,"column":58}},"3":{"start":{"line":5,"column":32},"end":{"line":5,"column":67}},"4":{"start":{"line":6,"column":23},"end":{"line":6,"column":58}},"5":{"start":{"line":9,"column":0},"end":{"line":9,"column":34}}},"fnMap":{"0":{"name":"(anonymous_0)","decl":{"start":{"line":2,"column":2},"end":{"line":2,"column":3}},"loc":{"start":{"line":2,"column":23},"end":{"line":2,"column":62}},"line":2},"1":{"name":"(anonymous_1)","decl":{"start":{"line":3,"column":2},"end":{"line":3,"column":3}},"loc":{"start":{"line":3,"column":25},"end":{"line":3,"column":64}},"line":3},"2":{"name":"(anonymous_2)","decl":{"start":{"line":4,"column":2},"end":{"line":4,"column":3}},"loc":{"start":{"line":4,"column":21},"end":{"line":4,"column":60}},"line":4},"3":{"name":"(anonymous_3)","decl":{"start":{"line":5,"column":2},"end":{"line":5,"column":3}},"loc":{"start":{"line":5,"column":30},"end":{"line":5,"column":69}},"line":5},"4":{"name":"(anonymous_4)","decl":{"start":{"line":6,"column":2},"end":{"line":6,"column":3}},"loc":{"start":{"line":6,"column":21},"end":{"line":6,"column":60}},"line":6}},"branchMap":{},"s":{"0":0,"1":0,"2":0,"3":0,"4":0,"5":0},"f":{"0":0,"1":0,"2":0,"3":0,"4":0},"b":{}}
,"C:\\Users\\LENOVO\\Downloads\\Web-clinica-veterinaria\\backend\\src\\domain\\ports\\IReservacionRepository.js": {"path":"C:\\Users\\LENOVO\\Downloads\\Web-clinica-veterinaria\\backend\\src\\domain\\ports\\IReservacionRepository.js","statementMap":{"0":{"start":{"line":2,"column":31},"end":{"line":2,"column":66}},"1":{"start":{"line":3,"column":22},"end":{"line":3,"column":57}},"2":{"start":{"line":4,"column":24},"end":{"line":4,"column":59}},"3":{"start":{"line":5,"column":28},"end":{"line":5,"column":63}},"4":{"start":{"line":6,"column":21},"end":{"line":6,"column":56}},"5":{"start":{"line":9,"column":0},"end":{"line":9,"column":40}}},"fnMap":{"0":{"name":"(anonymous_0)","decl":{"start":{"line":2,"column":2},"end":{"line":2,"column":3}},"loc":{"start":{"line":2,"column":29},"end":{"line":2,"column":68}},"line":2},"1":{"name":"(anonymous_1)","decl":{"start":{"line":3,"column":2},"end":{"line":3,"column":3}},"loc":{"start":{"line":3,"column":20},"end":{"line":3,"column":59}},"line":3},"2":{"name":"(anonymous_2)","decl":{"start":{"line":4,"column":2},"end":{"line":4,"column":3}},"loc":{"start":{"line":4,"column":22},"end":{"line":4,"column":61}},"line":4},"3":{"name":"(anonymous_3)","decl":{"start":{"line":5,"column":2},"end":{"line":5,"column":3}},"loc":{"start":{"line":5,"column":26},"end":{"line":5,"column":65}},"line":5},"4":{"name":"(anonymous_4)","decl":{"start":{"line":6,"column":2},"end":{"line":6,"column":3}},"loc":{"start":{"line":6,"column":19},"end":{"line":6,"column":58}},"line":6}},"branchMap":{},"s":{"0":0,"1":0,"2":0,"3":0,"4":0,"5":0},"f":{"0":0,"1":0,"2":0,"3":0,"4":0},"b":{}}
,"C:\\Users\\LENOVO\\Downloads\\Web-clinica-veterinaria\\backend\\src\\domain\\ports\\IReservacionService.js": {"path":"C:\\Users\\LENOVO\\Downloads\\Web-clinica-veterinaria\\backend\\src\\domain\\ports\\IReservacionService.js","statementMap":{"0":{"start":{"line":2,"column":25},"end":{"line":2,"column":60}},"1":{"start":{"line":3,"column":23},"end":{"line":3,"column":58}},"2":{"start":{"line":4,"column":39},"end":{"line":4,"column":74}},"3":{"start":{"line":5,"column":23},"end":{"line":5,"column":58}},"4":{"start":{"line":8,"column":0},"end":{"line":8,"column":37}}},"fnMap":{"0":{"name":"(anonymous_0)","decl":{"start":{"line":2,"column":2},"end":{"line":2,"column":3}},"loc":{"start":{"line":2,"column":23},"end":{"line":2,"column":62}},"line":2},"1":{"name":"(anonymous_1)","decl":{"start":{"line":3,"column":2},"end":{"line":3,"column":3}},"loc":{"start":{"line":3,"column":21},"end":{"line":3,"column":60}},"line":3},"2":{"name":"(anonymous_2)","decl":{"start":{"line":4,"column":2},"end":{"line":4,"column":3}},"loc":{"start":{"line":4,"column":37},"end":{"line":4,"column":76}},"line":4},"3":{"name":"(anonymous_3)","decl":{"start":{"line":5,"column":2},"end":{"line":5,"column":3}},"loc":{"start":{"line":5,"column":21},"end":{"line":5,"column":60}},"line":5}},"branchMap":{},"s":{"0":0,"1":0,"2":0,"3":0,"4":0},"f":{"0":0,"1":0,"2":0,"3":0},"b":{}}
,"C:\\Users\\LENOVO\\Downloads\\Web-clinica-veterinaria\\backend\\src\\domain\\ports\\IUsuarioRepository.js": {"path":"C:\\Users\\LENOVO\\Downloads\\Web-clinica-veterinaria\\backend\\src\\domain\\ports\\IUsuarioRepository.js","statementMap":{"0":{"start":{"line":3,"column":4},"end":{"line":3,"column":52}},"1":{"start":{"line":7,"column":4},"end":{"line":7,"column":59}},"2":{"start":{"line":11,"column":4},"end":{"line":11,"column":62}},"3":{"start":{"line":15,"column":4},"end":{"line":15,"column":59}},"4":{"start":{"line":19,"column":4},"end":{"line":19,"column":57}},"5":{"start":{"line":23,"column":4},"end":{"line":23,"column":55}},"6":{"start":{"line":27,"column":0},"end":{"line":27,"column":36}}},"fnMap":{"0":{"name":"(anonymous_0)","decl":{"start":{"line":2,"column":2},"end":{"line":2,"column":3}},"loc":{"start":{"line":2,"column":23},"end":{"line":4,"column":3}},"line":2},"1":{"name":"(anonymous_1)","decl":{"start":{"line":6,"column":2},"end":{"line":6,"column":3}},"loc":{"start":{"line":6,"column":25},"end":{"line":8,"column":3}},"line":6},"2":{"name":"(anonymous_2)","decl":{"start":{"line":10,"column":2},"end":{"line":10,"column":3}},"loc":{"start":{"line":10,"column":31},"end":{"line":12,"column":3}},"line":10},"3":{"name":"(anonymous_3)","decl":{"start":{"line":14,"column":2},"end":{"line":14,"column":3}},"loc":{"start":{"line":14,"column":23},"end":{"line":16,"column":3}},"line":14},"4":{"name":"(anonymous_4)","decl":{"start":{"line":18,"column":2},"end":{"line":18,"column":3}},"loc":{"start":{"line":18,"column":32},"end":{"line":20,"column":3}},"line":18},"5":{"name":"(anonymous_5)","decl":{"start":{"line":22,"column":2},"end":{"line":22,"column":3}},"loc":{"start":{"line":22,"column":21},"end":{"line":24,"column":3}},"line":22}},"branchMap":{},"s":{"0":0,"1":0,"2":0,"3":0,"4":0,"5":0,"6":0},"f":{"0":0,"1":0,"2":0,"3":0,"4":0,"5":0},"b":{}}
,"C:\\Users\\LENOVO\\Downloads\\Web-clinica-veterinaria\\backend\\src\\domain\\ports\\IUsuarioService.js": {"path":"C:\\Users\\LENOVO\\Downloads\\Web-clinica-veterinaria\\backend\\src\\domain\\ports\\IUsuarioService.js","statementMap":{"0":{"start":{"line":3,"column":4},"end":{"line":3,"column":59}},"1":{"start":{"line":7,"column":4},"end":{"line":7,"column":66}},"2":{"start":{"line":11,"column":4},"end":{"line":11,"column":69}},"3":{"start":{"line":15,"column":4},"end":{"line":15,"column":70}},"4":{"start":{"line":19,"column":4},"end":{"line":19,"column":64}},"5":{"start":{"line":23,"column":4},"end":{"line":23,"column":62}},"6":{"start":{"line":27,"column":4},"end":{"line":27,"column":52}},"7":{"start":{"line":31,"column":0},"end":{"line":31,"column":33}}},"fnMap":{"0":{"name":"(anonymous_0)","decl":{"start":{"line":2,"column":2},"end":{"line":2,"column":3}},"loc":{"start":{"line":2,"column":30},"end":{"line":4,"column":3}},"line":2},"1":{"name":"(anonymous_1)","decl":{"start":{"line":6,"column":2},"end":{"line":6,"column":3}},"loc":{"start":{"line":6,"column":32},"end":{"line":8,"column":3}},"line":6},"2":{"name":"(anonymous_2)","decl":{"start":{"line":10,"column":2},"end":{"line":10,"column":3}},"loc":{"start":{"line":10,"column":38},"end":{"line":12,"column":3}},"line":10},"3":{"name":"(anonymous_3)","decl":{"start":{"line":14,"column":2},"end":{"line":14,"column":3}},"loc":{"start":{"line":14,"column":34},"end":{"line":16,"column":3}},"line":14},"4":{"name":"(anonymous_4)","decl":{"start":{"line":18,"column":2},"end":{"line":18,"column":3}},"loc":{"start":{"line":18,"column":39},"end":{"line":20,"column":3}},"line":18},"5":{"name":"(anonymous_5)","decl":{"start":{"line":22,"column":2},"end":{"line":22,"column":3}},"loc":{"start":{"line":22,"column":28},"end":{"line":24,"column":3}},"line":22},"6":{"name":"(anonymous_6)","decl":{"start":{"line":26,"column":2},"end":{"line":26,"column":3}},"loc":{"start":{"line":26,"column":31},"end":{"line":28,"column":3}},"line":26}},"branchMap":{},"s":{"0":0,"1":0,"2":0,"3":0,"4":0,"5":0,"6":0,"7":1},"f":{"0":0,"1":0,"2":0,"3":0,"4":0,"5":0,"6":0},"b":{},"_coverageSchema":"1a1c01bbd47fc00a2c39e90264f33305004495a9","hash":"67ff6203a8290c22c0937899fc84282fa4f917df"}
,"C:\\Users\\LENOVO\\Downloads\\Web-clinica-veterinaria\\backend\\src\\domain\\ports\\IVeterinarioRepository.js": {"path":"C:\\Users\\LENOVO\\Downloads\\Web-clinica-veterinaria\\backend\\src\\domain\\ports\\IVeterinarioRepository.js","statementMap":{"0":{"start":{"line":3,"column":4},"end":{"line":3,"column":52}},"1":{"start":{"line":7,"column":4},"end":{"line":7,"column":59}},"2":{"start":{"line":11,"column":4},"end":{"line":11,"column":69}},"3":{"start":{"line":15,"column":4},"end":{"line":15,"column":59}},"4":{"start":{"line":19,"column":4},"end":{"line":19,"column":57}},"5":{"start":{"line":23,"column":4},"end":{"line":23,"column":55}},"6":{"start":{"line":27,"column":0},"end":{"line":27,"column":40}}},"fnMap":{"0":{"name":"(anonymous_0)","decl":{"start":{"line":2,"column":2},"end":{"line":2,"column":3}},"loc":{"start":{"line":2,"column":27},"end":{"line":4,"column":3}},"line":2},"1":{"name":"(anonymous_1)","decl":{"start":{"line":6,"column":2},"end":{"line":6,"column":3}},"loc":{"start":{"line":6,"column":25},"end":{"line":8,"column":3}},"line":6},"2":{"name":"(anonymous_2)","decl":{"start":{"line":10,"column":2},"end":{"line":10,"column":3}},"loc":{"start":{"line":10,"column":45},"end":{"line":12,"column":3}},"line":10},"3":{"name":"(anonymous_3)","decl":{"start":{"line":14,"column":2},"end":{"line":14,"column":3}},"loc":{"start":{"line":14,"column":23},"end":{"line":16,"column":3}},"line":14},"4":{"name":"(anonymous_4)","decl":{"start":{"line":18,"column":2},"end":{"line":18,"column":3}},"loc":{"start":{"line":18,"column":36},"end":{"line":20,"column":3}},"line":18},"5":{"name":"(anonymous_5)","decl":{"start":{"line":22,"column":2},"end":{"line":22,"column":3}},"loc":{"start":{"line":22,"column":21},"end":{"line":24,"column":3}},"line":22}},"branchMap":{},"s":{"0":0,"1":0,"2":0,"3":0,"4":0,"5":0,"6":0},"f":{"0":0,"1":0,"2":0,"3":0,"4":0,"5":0},"b":{}}
,"C:\\Users\\LENOVO\\Downloads\\Web-clinica-veterinaria\\backend\\src\\domain\\ports\\IVeterinarioService.js": {"path":"C:\\Users\\LENOVO\\Downloads\\Web-clinica-veterinaria\\backend\\src\\domain\\ports\\IVeterinarioService.js","statementMap":{"0":{"start":{"line":3,"column":4},"end":{"line":3,"column":63}},"1":{"start":{"line":7,"column":4},"end":{"line":7,"column":70}},"2":{"start":{"line":11,"column":4},"end":{"line":11,"column":81}},"3":{"start":{"line":15,"column":4},"end":{"line":15,"column":74}},"4":{"start":{"line":19,"column":4},"end":{"line":19,"column":68}},"5":{"start":{"line":23,"column":4},"end":{"line":23,"column":66}},"6":{"start":{"line":27,"column":0},"end":{"line":27,"column":37}}},"fnMap":{"0":{"name":"(anonymous_0)","decl":{"start":{"line":2,"column":2},"end":{"line":2,"column":3}},"loc":{"start":{"line":2,"column":38},"end":{"line":4,"column":3}},"line":2},"1":{"name":"(anonymous_1)","decl":{"start":{"line":6,"column":2},"end":{"line":6,"column":3}},"loc":{"start":{"line":6,"column":36},"end":{"line":8,"column":3}},"line":6},"2":{"name":"(anonymous_2)","decl":{"start":{"line":10,"column":2},"end":{"line":10,"column":3}},"loc":{"start":{"line":10,"column":57},"end":{"line":12,"column":3}},"line":10},"3":{"name":"(anonymous_3)","decl":{"start":{"line":14,"column":2},"end":{"line":14,"column":3}},"loc":{"start":{"line":14,"column":38},"end":{"line":16,"column":3}},"line":14},"4":{"name":"(anonymous_4)","decl":{"start":{"line":18,"column":2},"end":{"line":18,"column":3}},"loc":{"start":{"line":18,"column":47},"end":{"line":20,"column":3}},"line":18},"5":{"name":"(anonymous_5)","decl":{"start":{"line":22,"column":2},"end":{"line":22,"column":3}},"loc":{"start":{"line":22,"column":32},"end":{"line":24,"column":3}},"line":22}},"branchMap":{},"s":{"0":0,"1":0,"2":0,"3":0,"4":0,"5":0,"6":0},"f":{"0":0,"1":0,"2":0,"3":0,"4":0,"5":0},"b":{}}
,"C:\\Users\\LENOVO\\Downloads\\Web-clinica-veterinaria\\backend\\src\\infrastructure\\config\\database.js": {"path":"C:\\Users\\LENOVO\\Downloads\\Web-clinica-veterinaria\\backend\\src\\infrastructure\\config\\database.js","statementMap":{"0":{"start":{"line":1,"column":14},"end":{"line":1,"column":30}},"1":{"start":{"line":3,"column":11},"end":{"line":9,"column":2}},"2":{"start":{"line":11,"column":0},"end":{"line":17,"column":3}},"3":{"start":{"line":12,"column":2},"end":{"line":15,"column":3}},"4":{"start":{"line":13,"column":4},"end":{"line":13,"column":53}},"5":{"start":{"line":14,"column":4},"end":{"line":14,"column":11}},"6":{"start":{"line":16,"column":2},"end":{"line":16,"column":46}},"7":{"start":{"line":20,"column":0},"end":{"line":30,"column":2}},"8":{"start":{"line":21,"column":2},"end":{"line":29,"column":5}},"9":{"start":{"line":22,"column":4},"end":{"line":28,"column":7}},"10":{"start":{"line":23,"column":6},"end":{"line":26,"column":7}},"11":{"start":{"line":24,"column":8},"end":{"line":24,"column":20}},"12":{"start":{"line":25,"column":8},"end":{"line":25,"column":15}},"13":{"start":{"line":27,"column":6},"end":{"line":27,"column":33}},"14":{"start":{"line":32,"column":0},"end":{"line":32,"column":20}}},"fnMap":{"0":{"name":"(anonymous_0)","decl":{"start":{"line":11,"column":11},"end":{"line":11,"column":12}},"loc":{"start":{"line":11,"column":18},"end":{"line":17,"column":1}},"line":11},"1":{"name":"(anonymous_1)","decl":{"start":{"line":20,"column":13},"end":{"line":20,"column":14}},"loc":{"start":{"line":20,"column":43},"end":{"line":30,"column":1}},"line":20},"2":{"name":"(anonymous_2)","decl":{"start":{"line":21,"column":21},"end":{"line":21,"column":22}},"loc":{"start":{"line":21,"column":42},"end":{"line":29,"column":3}},"line":21},"3":{"name":"(anonymous_3)","decl":{"start":{"line":22,"column":30},"end":{"line":22,"column":31}},"loc":{"start":{"line":22,"column":56},"end":{"line":28,"column":5}},"line":22}},"branchMap":{"0":{"loc":{"start":{"line":12,"column":2},"end":{"line":15,"column":3}},"type":"if","locations":[{"start":{"line":12,"column":2},"end":{"line":15,"column":3}},{"start":{},"end":{}}],"line":12},"1":{"loc":{"start":{"line":20,"column":30},"end":{"line":20,"column":41}},"type":"default-arg","locations":[{"start":{"line":20,"column":39},"end":{"line":20,"column":41}}],"line":20},"2":{"loc":{"start":{"line":23,"column":6},"end":{"line":26,"column":7}},"type":"if","locations":[{"start":{"line":23,"column":6},"end":{"line":26,"column":7}},{"start":{},"end":{}}],"line":23}},"s":{"0":0,"1":0,"2":0,"3":0,"4":0,"5":0,"6":0,"7":0,"8":0,"9":0,"10":0,"11":0,"12":0,"13":0,"14":0},"f":{"0":0,"1":0,"2":0,"3":0},"b":{"0":[0,0],"1":[0],"2":[0,0]}}
,"C:\\Users\\LENOVO\\Downloads\\Web-clinica-veterinaria\\backend\\src\\infrastructure\\http\\controllers\\authController.js": {"path":"C:\\Users\\LENOVO\\Downloads\\Web-clinica-veterinaria\\backend\\src\\infrastructure\\http\\controllers\\authController.js","statementMap":{"0":{"start":{"line":3,"column":4},"end":{"line":3,"column":35}},"1":{"start":{"line":4,"column":4},"end":{"line":4,"column":39}},"2":{"start":{"line":5,"column":4},"end":{"line":5,"column":45}},"3":{"start":{"line":9,"column":4},"end":{"line":15,"column":5}},"4":{"start":{"line":10,"column":34},"end":{"line":10,"column":42}},"5":{"start":{"line":11,"column":24},"end":{"line":11,"column":69}},"6":{"start":{"line":12,"column":6},"end":{"line":12,"column":38}},"7":{"start":{"line":14,"column":6},"end":{"line":14,"column":53}},"8":{"start":{"line":19,"column":4},"end":{"line":29,"column":5}},"9":{"start":{"line":20,"column":59},"end":{"line":20,"column":67}},"10":{"start":{"line":21,"column":22},"end":{"line":25,"column":8}},"11":{"start":{"line":26,"column":6},"end":{"line":26,"column":155}},"12":{"start":{"line":28,"column":6},"end":{"line":28,"column":53}},"13":{"start":{"line":33,"column":0},"end":{"line":33,"column":32}}},"fnMap":{"0":{"name":"(anonymous_0)","decl":{"start":{"line":2,"column":2},"end":{"line":2,"column":3}},"loc":{"start":{"line":2,"column":27},"end":{"line":6,"column":3}},"line":2},"1":{"name":"(anonymous_1)","decl":{"start":{"line":8,"column":2},"end":{"line":8,"column":3}},"loc":{"start":{"line":8,"column":24},"end":{"line":16,"column":3}},"line":8},"2":{"name":"(anonymous_2)","decl":{"start":{"line":18,"column":2},"end":{"line":18,"column":3}},"loc":{"start":{"line":18,"column":27},"end":{"line":30,"column":3}},"line":18}},"branchMap":{"0":{"loc":{"start":{"line":22,"column":16},"end":{"line":22,"column":41}},"type":"binary-expr","locations":[{"start":{"line":22,"column":16},"end":{"line":22,"column":22}},{"start":{"line":22,"column":26},"end":{"line":22,"column":41}}],"line":22}},"s":{"0":0,"1":0,"2":0,"3":0,"4":0,"5":0,"6":0,"7":0,"8":0,"9":0,"10":0,"11":0,"12":0,"13":0},"f":{"0":0,"1":0,"2":0},"b":{"0":[0,0]}}
[...]
:{"line":32,"column":2},"end":{"line":32,"column":3}},"loc":{"start":{"line":32,"column":20},"end":{"line":40,"column":3}},"line":32},"10":{"name":"(anonymous_10)","decl":{"start":{"line":33,"column":23},"end":{"line":33,"column":24}},"loc":{"start":{"line":33,"column":44},"end":{"line":39,"column":5}},"line":33},"11":{"name":"(anonymous_11)","decl":{"start":{"line":34,"column":67},"end":{"line":34,"column":68}},"loc":{"start":{"line":34,"column":85},"end":{"line":38,"column":7}},"line":34},"12":{"name":"(anonymous_12)","decl":{"start":{"line":42,"column":2},"end":{"line":42,"column":3}},"loc":{"start":{"line":42,"column":13},"end":{"line":50,"column":3}},"line":42},"13":{"name":"(anonymous_13)","decl":{"start":{"line":43,"column":23},"end":{"line":43,"column":24}},"loc":{"start":{"line":43,"column":44},"end":{"line":49,"column":5}},"line":43},"14":{"name":"(anonymous_14)","decl":{"start":{"line":44,"column":59},"end":{"line":44,"column":60}},"loc":{"start":{"line":44,"column":77},"end":{"line":48,"column":7}},"line":44}},"branchMap":{"0":{"loc":{"start":{"line":8,"column":8},"end":{"line":9,"column":30}},"type":"if","locations":[{"start":{"line":8,"column":8},"end":{"line":9,"column":30}},{"start":{"line":9,"column":13},"end":{"line":9,"column":30}}],"line":8},"1":{"loc":{"start":{"line":17,"column":8},"end":{"line":18,"column":33}},"type":"if","locations":[{"start":{"line":17,"column":8},"end":{"line":18,"column":33}},{"start":{"line":18,"column":13},"end":{"line":18,"column":33}}],"line":17},"2":{"loc":{"start":{"line":26,"column":8},"end":{"line":27,"column":57}},"type":"if","locations":[{"start":{"line":26,"column":8},"end":{"line":27,"column":57}},{"start":{"line":27,"column":13},"end":{"line":27,"column":57}}],"line":26},"3":{"loc":{"start":{"line":35,"column":8},"end":{"line":37,"column":39}},"type":"if","locations":[{"start":{"line":35,"column":8},"end":{"line":37,"column":39}},{"start":{"line":36,"column":13},"end":{"line":37,"column":39}}],"line":35},"4":{"loc":{"start":{"line":36,"column":13},"end":{"line":37,"column":39}},"type":"if","locations":[{"start":{"line":36,"column":13},"end":{"line":37,"column":39}},{"start":{"line":37,"column":13},"end":{"line":37,"column":39}}],"line":36},"5":{"loc":{"start":{"line":45,"column":8},"end":{"line":47,"column":40}},"type":"if","locations":[{"start":{"line":45,"column":8},"end":{"line":47,"column":40}},{"start":{"line":46,"column":13},"end":{"line":47,"column":40}}],"line":45},"6":{"loc":{"start":{"line":46,"column":13},"end":{"line":47,"column":40}},"type":"if","locations":[{"start":{"line":46,"column":13},"end":{"line":47,"column":40}},{"start":{"line":47,"column":13},"end":{"line":47,"column":40}}],"line":46}},"s":{"0":0,"1":0,"2":0,"3":0,"4":0,"5":0,"6":0,"7":0,"8":0,"9":0,"10":0,"11":0,"12":0,"13":0,"14":0,"15":0,"16":0,"17":0,"18":0,"19":0,"20":0,"21":0,"22":0,"23":0,"24":0,"25":0,"26":0,"27":0,"28":0,"29":0,"30":0,"31":0},"f":{"0":0,"1":0,"2":0,"3":0,"4":0,"5":0,"6":0,"7":0,"8":0,"9":0,"10":0,"11":0,"12":0,"13":0,"14":0},"b":{"0":[0,0],"1":[0,0],"2":[0,0],"3":[0,0],"4":[0,0],"5":[0,0],"6":[0,0]}}
,"C:\\Users\\LENOVO\\Downloads\\Web-clinica-veterinaria\\backend\\src\\infrastructure\\persistence\\MySQLReservacionRepository.js": {"path":"C:\\Users\\LENOVO\\Downloads\\Web-clinica-veterinaria\\backend\\src\\infrastructure\\persistence\\MySQLReservacionRepository.js","statementMap":{"0":{"start":{"line":1,"column":31},"end":{"line":1,"column":83}},"1":{"start":{"line":2,"column":11},"end":{"line":2,"column":40}},"2":{"start":{"line":6,"column":4},"end":{"line":17,"column":7}},"3":{"start":{"line":7,"column":20},"end":{"line":12,"column":7}},"4":{"start":{"line":13,"column":6},"end":{"line":16,"column":9}},"5":{"start":{"line":14,"column":8},"end":{"line":15,"column":30}},"6":{"start":{"line":14,"column":17},"end":{"line":14,"column":29}},"7":{"start":{"line":15,"column":13},"end":{"line":15,"column":30}},"8":{"start":{"line":21,"column":4},"end":{"line":26,"column":7}},"9":{"start":{"line":22,"column":6},"end":{"line":25,"column":9}},"10":{"start":{"line":23,"column":8},"end":{"line":24,"column":33}},"11":{"start":{"line":23,"column":17},"end":{"line":23,"column":29}},"12":{"start":{"line":24,"column":13},"end":{"line":24,"column":33}},"13":{"start":{"line":30,"column":4},"end":{"line":35,"column":7}},"14":{"start":{"line":31,"column":6},"end":{"line":34,"column":9}},"15":{"start":{"line":32,"column":8},"end":{"line":33,"column":57}},"16":{"start":{"line":32,"column":17},"end":{"line":32,"column":29}},"17":{"start":{"line":33,"column":13},"end":{"line":33,"column":57}},"18":{"start":{"line":39,"column":4},"end":{"line":45,"column":7}},"19":{"start":{"line":40,"column":6},"end":{"line":44,"column":9}},"20":{"start":{"line":41,"column":8},"end":{"line":43,"column":39}},"21":{"start":{"line":41,"column":17},"end":{"line":41,"column":29}},"22":{"start":{"line":42,"column":13},"end":{"line":43,"column":39}},"23":{"start":{"line":42,"column":45},"end":{"line":42,"column":89}},"24":{"start":{"line":43,"column":13},"end":{"line":43,"column":39}},"25":{"start":{"line":49,"column":4},"end":{"line":55,"column":7}},"26":{"start":{"line":50,"column":6},"end":{"line":54,"column":9}},"27":{"start":{"line":51,"column":8},"end":{"line":53,"column":40}},"28":{"start":{"line":51,"column":17},"end":{"line":51,"column":29}},"29":{"start":{"line":52,"column":13},"end":{"line":53,"column":40}},"30":{"start":{"line":52,"column":45},"end":{"line":52,"column":89}},"31":{"start":{"line":53,"column":13},"end":{"line":53,"column":40}},"32":{"start":{"line":59,"column":0},"end":{"line":59,"column":44}}},"fnMap":{"0":{"name":"(anonymous_0)","decl":{"start":{"line":5,"column":2},"end":{"line":5,"column":3}},"loc":{"start":{"line":5,"column":23},"end":{"line":18,"column":3}},"line":5},"1":{"name":"(anonymous_1)","decl":{"start":{"line":6,"column":23},"end":{"line":6,"column":24}},"loc":{"start":{"line":6,"column":44},"end":{"line":17,"column":5}},"line":6},"2":{"name":"(anonymous_2)","decl":{"start":{"line":13,"column":22},"end":{"line":13,"column":23}},"loc":{"start":{"line":13,"column":40},"end":{"line":16,"column":7}},"line":13},"3":{"name":"(anonymous_3)","decl":{"start":{"line":20,"column":2},"end":{"line":20,"column":3}},"loc":{"start":{"line":20,"column":14},"end":{"line":27,"column":3}},"line":20},"4":{"name":"(anonymous_4)","decl":{"start":{"line":21,"column":23},"end":{"line":21,"column":24}},"loc":{"start":{"line":21,"column":44},"end":{"line":26,"column":5}},"line":21},"5":{"name":"(anonymous_5)","decl":{"start":{"line":22,"column":65},"end":{"line":22,"column":66}},"loc":{"start":{"line":22,"column":83},"end":{"line":25,"column":7}},"line":22},"6":{"name":"(anonymous_6)","decl":{"start":{"line":29,"column":2},"end":{"line":29,"column":3}},"loc":{"start":{"line":29,"column":16},"end":{"line":36,"column":3}},"line":29},"7":{"name":"(anonymous_7)","decl":{"start":{"line":30,"column":23},"end":{"line":30,"column":24}},"loc":{"start":{"line":30,"column":44},"end":{"line":35,"column":5}},"line":30},"8":{"name":"(anonymous_8)","decl":{"start":{"line":31,"column":57},"end":{"line":31,"column":58}},"loc":{"start":{"line":31,"column":75},"end":{"line":34,"column":7}},"line":31},"9":{"name":"(anonymous_9)","decl":{"start":{"line":38,"column":2},"end":{"line":38,"column":3}},"loc":{"start":{"line":38,"column":20},"end":{"line":46,"column":3}},"line":38},"10":{"name":"(anonymous_10)","decl":{"start":{"line":39,"column":23},"end":{"line":39,"column":24}},"loc":{"start":{"line":39,"column":44},"end":{"line":45,"column":5}},"line":39},"11":{"name":"(anonymous_11)","decl":{"start":{"line":40,"column":71},"end":{"line":40,"column":72}},"loc":{"start":{"line":40,"column":89},"end":{"line":44,"column":7}},"line":40},"12":{"name":"(anonymous_12)","decl":{"start":{"line":48,"column":2},"end":{"line":48,"column":3}},"loc":{"start":{"line":48,"column":13},"end":{"line":56,"column":3}},"line":48},"13":{"name":"(anonymous_13)","decl":{"start":{"line":49,"column":23},"end":{"line":49,"column":24}},"loc":{"start":{"line":49,"column":44},"end":{"line":55,"column":5}},"line":49},"14":{"name":"(anonymous_14)","decl":{"start":{"line":50,"column":63},"end":{"line":50,"column":64}},"loc":{"start":{"line":50,"column":81},"end":{"line":54,"column":7}},"line":50}},"branchMap":{"0":{"loc":{"start":{"line":14,"column":8},"end":{"line":15,"column":30}},"type":"if","locations":[{"start":{"line":14,"column":8},"end":{"line":15,"column":30}},{"start":{"line":15,"column":13},"end":{"line":15,"column":30}}],"line":14},"1":{"loc":{"start":{"line":23,"column":8},"end":{"line":24,"column":33}},"type":"if","locations":[{"start":{"line":23,"column":8},"end":{"line":24,"column":33}},{"start":{"line":24,"column":13},"end":{"line":24,"column":33}}],"line":23},"2":{"loc":{"start":{"line":32,"column":8},"end":{"line":33,"column":57}},"type":"if","locations":[{"start":{"line":32,"column":8},"end":{"line":33,"column":57}},{"start":{"line":33,"column":13},"end":{"line":33,"column":57}}],"line":32},"3":{"loc":{"start":{"line":41,"column":8},"end":{"line":43,"column":39}},"type":"if","locations":[{"start":{"line":41,"column":8},"end":{"line":43,"column":39}},{"start":{"line":42,"column":13},"end":{"line":43,"column":39}}],"line":41},"4":{"loc":{"start":{"line":42,"column":13},"end":{"line":43,"column":39}},"type":"if","locations":[{"start":{"line":42,"column":13},"end":{"line":43,"column":39}},{"start":{"line":43,"column":13},"end":{"line":43,"column":39}}],"line":42},"5":{"loc":{"start":{"line":51,"column":8},"end":{"line":53,"column":40}},"type":"if","locations":[{"start":{"line":51,"column":8},"end":{"line":53,"column":40}},{"start":{"line":52,"column":13},"end":{"line":53,"column":40}}],"line":51},"6":{"loc":{"start":{"line":52,"column":13},"end":{"line":53,"column":40}},"type":"if","locations":[{"start":{"line":52,"column":13},"end":{"line":53,"column":40}},{"start":{"line":53,"column":13},"end":{"line":53,"column":40}}],"line":52}},"s":{"0":0,"1":0,"2":0,"3":0,"4":0,"5":0,"6":0,"7":0,"8":0,"9":0,"10":0,"11":0,"12":0,"13":0,"14":0,"15":0,"16":0,"17":0,"18":0,"19":0,"20":0,"21":0,"22":0,"23":0,"24":0,"25":0,"26":0,"27":0,"28":0,"29":0,"30":0,"31":0,"32":0},"f":{"0":0,"1":0,"2":0,"3":0,"4":0,"5":0,"6":0,"7":0,"8":0,"9":0,"10":0,"11":0,"12":0,"13":0,"14":0},"b":{"0":[0,0],"1":[0,0],"2":[0,0],"3":[0,0],"4":[0,0],"5":[0,0],"6":[0,0]}}
,"C:\\Users\\LENOVO\\Downloads\\Web-clinica-veterinaria\\backend\\src\\infrastructure\\persistence\\MySQLUsuarioRepository.js": {"path":"C:\\Users\\LENOVO\\Downloads\\Web-clinica-veterinaria\\backend\\src\\infrastructure\\persistence\\MySQLUsuarioRepository.js","statementMap":{"0":{"start":{"line":1,"column":27},"end":{"line":1,"column":75}},"1":{"start":{"line":2,"column":16},"end":{"line":2,"column":56}},"2":{"start":{"line":3,"column":17},"end":{"line":3,"column":46}},"3":{"start":{"line":7,"column":18},"end":{"line":7,"column":91}},"4":{"start":{"line":8,"column":19},"end":{"line":8,"column":81}},"5":{"start":{"line":9,"column":21},"end":{"line":9,"column":58}},"6":{"start":{"line":10,"column":4},"end":{"line":10,"column":47}},"7":{"start":{"line":14,"column":18},"end":{"line":14,"column":86}},"8":{"start":{"line":15,"column":19},"end":{"line":15,"column":54}},"9":{"start":{"line":16,"column":4},"end":{"line":16,"column":39}},"10":{"start":{"line":16,"column":27},"end":{"line":16,"column":39}},"11":{"start":{"line":17,"column":16},"end":{"line":17,"column":23}},"12":{"start":{"line":18,"column":4},"end":{"line":18,"column":77}},"13":{"start":{"line":22,"column":18},"end":{"line":22,"column":89}},"14":{"start":{"line":23,"column":19},"end":{"line":23,"column":57}},"15":{"start":{"line":24,"column":4},"end":{"line":24,"column":39}},"16":{"start":{"line":24,"column":27},"end":{"line":24,"column":39}},"17":{"start":{"line":25,"column":16},"end":{"line":25,"column":23}},"18":{"start":{"line":26,"column":4},"end":{"line":26,"column":77}},"19":{"start":{"line":30,"column":18},"end":{"line":30,"column":73}},"20":{"start":{"line":31,"column":19},"end":{"line":31,"column":48}},"21":{"start":{"line":32,"column":4},"end":{"line":32,"column":94}},"22":{"start":{"line":32,"column":27},"end":{"line":32,"column":92}},"23":{"start":{"line":36,"column":18},"end":{"line":36,"column":97}},"24":{"start":{"line":37,"column":19},"end":{"line":37,"column":85}},"25":{"start":{"line":38,"column":4},"end":{"line":38,"column":42}},"26":{"start":{"line":39,"column":4},"end":{"line":39,"column":30}},"27":{"start":{"line":43,"column":18},"end":{"line":43,"column":53}},"28":{"start":{"line":44,"column":4},"end":{"line":44,"column":40}},"29":{"start":{"line":45,"column":4},"end":{"line":45,"column":16}},"30":{"start":{"line":49,"column":0},"end":{"line":49,"column":40}}},"fnMap":{"0":{"name":"(anonymous_0)","decl":{"start":{"line":6,"column":2},"end":{"line":6,"column":3}},"loc":{"start":{"line":6,"column":23},"end":{"line":11,"column":3}},"line":6},"1":{"name":"(anonymous_1)","decl":{"start":{"line":13,"column":2},"end":{"line":13,"column":3}},"loc":{"start":{"line":13,"column":25},"end":{"line":19,"column":3}},"line":13},"2":{"name":"(anonymous_2)","decl":{"start":{"line":21,"column":2},"end":{"line":21,"column":3}},"loc":{"start":{"line":21,"column":31},"end":{"line":27,"column":3}},"line":21},"3":{"name":"(anonymous_3)","decl":{"start":{"line":29,"column":2},"end":{"line":29,"column":3}},"loc":{"start":{"line":29,"column":23},"end":{"line":33,"column":3}},"line":29},"4":{"name":"(anonymous_4)","decl":{"start":{"line":32,"column":20},"end":{"line":32,"column":21}},"loc":{"start":{"line":32,"column":27},"end":{"line":32,"column":92}},"line":32},"5":{"name":"(anonymous_5)","decl":{"start":{"line":35,"column":2},"end":{"line":35,"column":3}},"loc":{"start":{"line":35,"column":32},"end":{"line":40,"column":3}},"line":35},"6":{"name":"(anonymous_6)","decl":{"start":{"line":42,"column":2},"end":{"line":42,"column":3}},"loc":{"start":{"line":42,"column":21},"end":{"line":46,"column":3}},"line":42}},"branchMap":{"0":{"loc":{"start":{"line":16,"column":4},"end":{"line":16,"column":39}},"type":"if","locations":[{"start":{"line":16,"column":4},"end":{"line":16,"column":39}},{"start":{},"end":{}}],"line":16},"1":{"loc":{"start":{"line":24,"column":4},"end":{"line":24,"column":39}},"type":"if","locations":[{"start":{"line":24,"column":4},"end":{"line":24,"column":39}},{"start":{},"end":{}}],"line":24}},"s":{"0":0,"1":0,"2":0,"3":0,"4":0,"5":0,"6":0,"7":0,"8":0,"9":0,"10":0,"11":0,"12":0,"13":0,"14":0,"15":0,"16":0,"17":0,"18":0,"19":0,"20":0,"21":0,"22":0,"23":0,"24":0,"25":0,"26":0,"27":0,"28":0,"29":0,"30":0},"f":{"0":0,"1":0,"2":0,"3":0,"4":0,"5":0,"6":0},"b":{"0":[0,0],"1":[0,0]}}
,"C:\\Users\\LENOVO\\Downloads\\Web-clinica-veterinaria\\backend\\src\\infrastructure\\persistence\\MySQLVeterinarioRepository.js": {"path":"C:\\Users\\LENOVO\\Downloads\\Web-clinica-veterinaria\\backend\\src\\infrastructure\\persistence\\MySQLVeterinarioRepository.js","statementMap":{"0":{"start":{"line":1,"column":31},"end":{"line":1,"column":83}},"1":{"start":{"line":2,"column":20},"end":{"line":2,"column":64}},"2":{"start":{"line":3,"column":17},"end":{"line":3,"column":46}},"3":{"start":{"line":7,"column":18},"end":{"line":7,"column":117}},"4":{"start":{"line":8,"column":19},"end":{"line":8,"column":128}},"5":{"start":{"line":9,"column":21},"end":{"line":9,"column":58}},"6":{"start":{"line":10,"column":4},"end":{"line":10,"column":51}},"7":{"start":{"line":14,"column":18},"end":{"line":14,"column":109}},"8":{"start":{"line":15,"column":19},"end":{"line":15,"column":54}},"9":{"start":{"line":16,"column":4},"end":{"line":16,"column":39}},"10":{"start":{"line":16,"column":27},"end":{"line":16,"column":39}},"11":{"start":{"line":17,"column":16},"end":{"line":17,"column":23}},"12":{"start":{"line":18,"column":4},"end":{"line":18,"column":104}},"13":{"start":{"line":22,"column":18},"end":{"line":22,"column":119}},"14":{"start":{"line":23,"column":19},"end":{"line":23,"column":64}},"15":{"start":{"line":24,"column":4},"end":{"line":24,"column":121}},"16":{"start":{"line":24,"column":27},"end":{"line":24,"column":119}},"17":{"start":{"line":28,"column":18},"end":{"line":28,"column":96}},"18":{"start":{"line":29,"column":19},"end":{"line":29,"column":48}},"19":{"start":{"line":30,"column":4},"end":{"line":30,"column":121}},"20":{"start":{"line":30,"column":27},"end":{"line":30,"column":119}},"21":{"start":{"line":34,"column":18},"end":{"line":34,"column":124}},"22":{"start":{"line":35,"column":19},"end":{"line":35,"column":132}},"23":{"start":{"line":36,"column":4},"end":{"line":36,"column":42}},"24":{"start":{"line":37,"column":4},"end":{"line":37,"column":34}},"25":{"start":{"line":41,"column":18},"end":{"line":41,"column":57}},"26":{"start":{"line":42,"column":4},"end":{"line":42,"column":40}},"27":{"start":{"line":43,"column":4},"end":{"line":43,"column":16}},"28":{"start":{"line":47,"column":0},"end":{"line":47,"column":44}}},"fnMap":{"0":{"name":"(anonymous_0)","decl":{"start":{"line":6,"column":2},"end":{"line":6,"column":3}},"loc":{"start":{"line":6,"column":27},"end":{"line":11,"column":3}},"line":6},"1":{"name":"(anonymous_1)","decl":{"start":{"line":13,"column":2},"end":{"line":13,"column":3}},"loc":{"start":{"line":13,"column":25},"end":{"line":19,"column":3}},"line":13},"2":{"name":"(anonymous_2)","decl":{"start":{"line":21,"column":2},"end":{"line":21,"column":3}},"loc":{"start":{"line":21,"column":45},"end":{"line":25,"column":3}},"line":21},"3":{"name":"(anonymous_3)","decl":{"start":{"line":24,"column":20},"end":{"line":24,"column":21}},"loc":{"start":{"line":24,"column":27},"end":{"line":24,"column":119}},"line":24},"4":{"name":"(anonymous_4)","decl":{"start":{"line":27,"column":2},"end":{"line":27,"column":3}},"loc":{"start":{"line":27,"column":23},"end":{"line":31,"column":3}},"line":27},"5":{"name":"(anonymous_5)","decl":{"start":{"line":30,"column":20},"end":{"line":30,"column":21}},"loc":{"start":{"line":30,"column":27},"end":{"line":30,"column":119}},"line":30},"6":{"name":"(anonymous_6)","decl":{"start":{"line":33,"column":2},"end":{"line":33,"column":3}},"loc":{"start":{"line":33,"column":36},"end":{"line":38,"column":3}},"line":33},"7":{"name":"(anonymous_7)","decl":{"start":{"line":40,"column":2},"end":{"line":40,"column":3}},"loc":{"start":{"line":40,"column":21},"end":{"line":44,"column":3}},"line":40}},"branchMap":{"0":{"loc":{"start":{"line":16,"column":4},"end":{"line":16,"column":39}},"type":"if","locations":[{"start":{"line":16,"column":4},"end":{"line":16,"column":39}},{"start":{},"end":{}}],"line":16}},"s":{"0":0,"1":0,"2":0,"3":0,"4":0,"5":0,"6":0,"7":0,"8":0,"9":0,"10":0,"11":0,"12":0,"13":0,"14":0,"15":0,"16":0,"17":0,"18":0,"19":0,"20":0,"21":0,"22":0,"23":0,"24":0,"25":0,"26":0,"27":0,"28":0},"f":{"0":0,"1":0,"2":0,"3":0,"4":0,"5":0,"6":0,"7":0},"b":{"0":[0,0]}}
,"C:\\Users\\LENOVO\\Downloads\\Web-clinica-veterinaria\\backend\\src\\utils\\constants.js": {"path":"C:\\Users\\LENOVO\\Downloads\\Web-clinica-veterinaria\\backend\\src\\utils\\constants.js","statementMap":{"0":{"start":{"line":1,"column":19},"end":{"line":1,"column":72}},"1":{"start":{"line":2,"column":13},"end":{"line":2,"column":37}},"2":{"start":{"line":4,"column":0},"end":{"line":4,"column":38}}},"fnMap":{},"branchMap":{"0":{"loc":{"start":{"line":1,"column":19},"end":{"line":1,"column":72}},"type":"binary-expr","locations":[{"start":{"line":1,"column":19},"end":{"line":1,"column":41}},{"start":{"line":1,"column":45},"end":{"line":1,"column":72}}],"line":1},"1":{"loc":{"start":{"line":2,"column":13},"end":{"line":2,"column":37}},"type":"binary-expr","locations":[{"start":{"line":2,"column":13},"end":{"line":2,"column":29}},{"start":{"line":2,"column":33},"end":{"line":2,"column":37}}],"line":2}},"s":{"0":1,"1":1,"2":1},"f":{},"b":{"0":[1,1],"1":[1,1]},"_coverageSchema":"1a1c01bbd47fc00a2c39e90264f33305004495a9","hash":"74dd01ec68343e4dc160f52077191b0dd91f8b5d"}
}
